{"/home/florian/Documents/softozor/shopozor-manager-frontend/src/App.vue": {"path":"/home/florian/Documents/softozor/shopozor-manager-frontend/src/App.vue","statementMap":{"0":{"start":{"line":8,"column":0},"end":{"line":8,"column":null}}},"fnMap":{"0":{"name":"created","decl":{"start":{"line":15,"column":0},"end":{"line":15,"column":null}},"loc":{"start":{"line":15,"column":0},"end":{"line":17,"column":null}}}},"branchMap":{},"s":{"0":0},"f":{"0":0},"b":{}}
,"/home/florian/Documents/softozor/shopozor-manager-frontend/src/assets/images/ShowImageMixin.js": {"path":"/home/florian/Documents/softozor/shopozor-manager-frontend/src/assets/images/ShowImageMixin.js","statementMap":{"0":{"start":{"line":7,"column":26},"end":{"line":7,"column":61}},"1":{"start":{"line":8,"column":6},"end":{"line":9,"column":26}},"2":{"start":{"line":8,"column":23},"end":{"line":8,"column":40}},"3":{"start":{"line":9,"column":11},"end":{"line":9,"column":26}}},"fnMap":{"0":{"name":"(anonymous_0)","decl":{"start":{"line":6,"column":4},"end":{"line":6,"column":5}},"loc":{"start":{"line":6,"column":17},"end":{"line":10,"column":5}},"line":6}},"branchMap":{"0":{"loc":{"start":{"line":7,"column":26},"end":{"line":7,"column":61}},"type":"binary-expr","locations":[{"start":{"line":7,"column":26},"end":{"line":7,"column":36}},{"start":{"line":7,"column":40},"end":{"line":7,"column":61}}],"line":7},"1":{"loc":{"start":{"line":8,"column":6},"end":{"line":9,"column":26}},"type":"if","locations":[{"start":{"line":8,"column":6},"end":{"line":9,"column":26}},{"start":{"line":8,"column":6},"end":{"line":9,"column":26}}],"line":8}},"s":{"0":0,"1":0,"2":0,"3":0},"f":{"0":0},"b":{"0":[0,0],"1":[0,0]}}
,"/home/florian/Documents/softozor/shopozor-manager-frontend/src/assets/images/index.js": {"path":"/home/florian/Documents/softozor/shopozor-manager-frontend/src/assets/images/index.js","statementMap":{"0":{"start":{"line":1,"column":24},"end":{"line":1,"column":52}},"1":{"start":{"line":2,"column":29},"end":{"line":2,"column":54}}},"fnMap":{},"branchMap":{},"s":{"0":0,"1":0},"f":{},"b":{}}
,"/home/florian/Documents/softozor/shopozor-manager-frontend/src/boot/apollo.js": {"path":"/home/florian/Documents/softozor/shopozor-manager-frontend/src/boot/apollo.js","statementMap":{"0":{"start":{"line":7,"column":17},"end":{"line":10,"column":2}},"1":{"start":{"line":12,"column":28},"end":{"line":16,"column":2}},"2":{"start":{"line":18,"column":30},"end":{"line":32,"column":2}},"3":{"start":{"line":21,"column":4},"end":{"line":27,"column":5}},"4":{"start":{"line":22,"column":6},"end":{"line":26,"column":7}},"5":{"start":{"line":23,"column":8},"end":{"line":25,"column":9}},"6":{"start":{"line":28,"column":4},"end":{"line":30,"column":5}},"7":{"start":{"line":29,"column":6},"end":{"line":29,"column":53}},"8":{"start":{"line":35,"column":2},"end":{"line":35,"column":20}},"9":{"start":{"line":37,"column":2},"end":{"line":37,"column":40}}},"fnMap":{"0":{"name":"(anonymous_0)","decl":{"start":{"line":20,"column":2},"end":{"line":20,"column":3}},"loc":{"start":{"line":20,"column":49},"end":{"line":31,"column":3}},"line":20},"1":{"name":"(anonymous_1)","decl":{"start":{"line":22,"column":24},"end":{"line":22,"column":25}},"loc":{"start":{"line":23,"column":8},"end":{"line":25,"column":9}},"line":23},"2":{"name":"(anonymous_2)","decl":{"start":{"line":34,"column":15},"end":{"line":34,"column":16}},"loc":{"start":{"line":34,"column":33},"end":{"line":38,"column":1}},"line":34}},"branchMap":{"0":{"loc":{"start":{"line":21,"column":4},"end":{"line":27,"column":5}},"type":"if","locations":[{"start":{"line":21,"column":4},"end":{"line":27,"column":5}},{"start":{"line":21,"column":4},"end":{"line":27,"column":5}}],"line":21},"1":{"loc":{"start":{"line":28,"column":4},"end":{"line":30,"column":5}},"type":"if","locations":[{"start":{"line":28,"column":4},"end":{"line":30,"column":5}},{"start":{"line":28,"column":4},"end":{"line":30,"column":5}}],"line":28}},"s":{"0":0,"1":0,"2":0,"3":0,"4":0,"5":0,"6":0,"7":0,"8":0,"9":0},"f":{"0":0,"1":0,"2":0},"b":{"0":[0,0],"1":[0,0]}}
,"/home/florian/Documents/softozor/shopozor-manager-frontend/src/boot/vue-i18n.js": {"path":"/home/florian/Documents/softozor/shopozor-manager-frontend/src/boot/vue-i18n.js","statementMap":{"0":{"start":{"line":9,"column":2},"end":{"line":9,"column":18}},"1":{"start":{"line":15,"column":2},"end":{"line":19,"column":4}}},"fnMap":{"0":{"name":"(anonymous_0)","decl":{"start":{"line":7,"column":15},"end":{"line":7,"column":16}},"loc":{"start":{"line":7,"column":33},"end":{"line":20,"column":1}},"line":7}},"branchMap":{},"s":{"0":0,"1":0},"f":{"0":0},"b":{}}
,"/home/florian/Documents/softozor/shopozor-manager-frontend/src/boot/vuelidate.js": {"path":"/home/florian/Documents/softozor/shopozor-manager-frontend/src/boot/vuelidate.js","statementMap":{"0":{"start":{"line":6,"column":2},"end":{"line":6,"column":20}}},"fnMap":{"0":{"name":"(anonymous_0)","decl":{"start":{"line":5,"column":15},"end":{"line":5,"column":16}},"loc":{"start":{"line":5,"column":41},"end":{"line":7,"column":1}},"line":5}},"branchMap":{},"s":{"0":0},"f":{"0":0},"b":{}}
,"/home/florian/Documents/softozor/shopozor-manager-frontend/src/components/Price/PriceInput.vue": {"path":"/home/florian/Documents/softozor/shopozor-manager-frontend/src/components/Price/PriceInput.vue","statementMap":{"0":{"start":{"line":43,"column":0},"end":{"line":43,"column":null}},"1":{"start":{"line":65,"column":0},"end":{"line":65,"column":null}},"2":{"start":{"line":71,"column":0},"end":{"line":71,"column":null}},"3":{"start":{"line":77,"column":0},"end":{"line":77,"column":null}},"4":{"start":{"line":83,"column":0},"end":{"line":83,"column":null}},"5":{"start":{"line":89,"column":0},"end":{"line":89,"column":null}},"6":{"start":{"line":94,"column":0},"end":{"line":94,"column":null}},"7":{"start":{"line":95,"column":0},"end":{"line":95,"column":null}},"8":{"start":{"line":96,"column":0},"end":{"line":96,"column":null}},"9":{"start":{"line":100,"column":0},"end":{"line":100,"column":null}},"10":{"start":{"line":101,"column":0},"end":{"line":101,"column":null}},"11":{"start":{"line":102,"column":0},"end":{"line":102,"column":null}},"12":{"start":{"line":103,"column":0},"end":{"line":103,"column":null}},"13":{"start":{"line":106,"column":0},"end":{"line":106,"column":null}},"14":{"start":{"line":107,"column":0},"end":{"line":107,"column":null}},"15":{"start":{"line":108,"column":0},"end":{"line":108,"column":null}},"16":{"start":{"line":109,"column":0},"end":{"line":109,"column":null}},"17":{"start":{"line":112,"column":0},"end":{"line":112,"column":null}},"18":{"start":{"line":113,"column":0},"end":{"line":113,"column":null}},"19":{"start":{"line":114,"column":0},"end":{"line":114,"column":null}},"20":{"start":{"line":115,"column":0},"end":{"line":115,"column":null}},"21":{"start":{"line":118,"column":0},"end":{"line":118,"column":null}},"22":{"start":{"line":119,"column":0},"end":{"line":119,"column":null}},"23":{"start":{"line":120,"column":0},"end":{"line":120,"column":null}},"24":{"start":{"line":121,"column":0},"end":{"line":121,"column":null}},"25":{"start":{"line":125,"column":0},"end":{"line":125,"column":null}},"26":{"start":{"line":126,"column":0},"end":{"line":126,"column":null}},"27":{"start":{"line":127,"column":0},"end":{"line":127,"column":null}}},"fnMap":{"0":{"name":"data","decl":{"start":{"line":42,"column":0},"end":{"line":42,"column":null}},"loc":{"start":{"line":42,"column":0},"end":{"line":48,"column":null}}},"1":{"name":"_default","decl":{"start":{"line":64,"column":0},"end":{"line":64,"column":null}},"loc":{"start":{"line":64,"column":0},"end":{"line":66,"column":null}}},"2":{"name":"_default","decl":{"start":{"line":70,"column":0},"end":{"line":70,"column":null}},"loc":{"start":{"line":70,"column":0},"end":{"line":72,"column":null}}},"3":{"name":"_default","decl":{"start":{"line":76,"column":0},"end":{"line":76,"column":null}},"loc":{"start":{"line":76,"column":0},"end":{"line":78,"column":null}}},"4":{"name":"_default","decl":{"start":{"line":82,"column":0},"end":{"line":82,"column":null}},"loc":{"start":{"line":82,"column":0},"end":{"line":84,"column":null}}},"5":{"name":"_default","decl":{"start":{"line":88,"column":0},"end":{"line":88,"column":null}},"loc":{"start":{"line":88,"column":0},"end":{"line":90,"column":null}}},"6":{"name":"computedCustomerPrice","decl":{"start":{"line":94,"column":0},"end":{"line":94,"column":null}},"loc":{"start":{"line":94,"column":0},"end":{"line":94,"column":null}}},"7":{"name":"computedProducerPrice","decl":{"start":{"line":95,"column":0},"end":{"line":95,"column":null}},"loc":{"start":{"line":95,"column":0},"end":{"line":95,"column":null}}},"8":{"name":"computedShopPrice","decl":{"start":{"line":96,"column":0},"end":{"line":96,"column":null}},"loc":{"start":{"line":96,"column":0},"end":{"line":96,"column":null}}},"9":{"name":"tempCustomerPriceChanged","decl":{"start":{"line":99,"column":0},"end":{"line":99,"column":null}},"loc":{"start":{"line":99,"column":0},"end":{"line":104,"column":null}}},"10":{"name":"tempProducerPriceChanged","decl":{"start":{"line":105,"column":0},"end":{"line":105,"column":null}},"loc":{"start":{"line":105,"column":0},"end":{"line":110,"column":null}}},"11":{"name":"tempShopPriceChanged","decl":{"start":{"line":111,"column":0},"end":{"line":111,"column":null}},"loc":{"start":{"line":111,"column":0},"end":{"line":116,"column":null}}},"12":{"name":"updateCustomerPrice","decl":{"start":{"line":117,"column":0},"end":{"line":117,"column":null}},"loc":{"start":{"line":117,"column":0},"end":{"line":122,"column":null}}},"13":{"name":"mounted","decl":{"start":{"line":124,"column":0},"end":{"line":124,"column":null}},"loc":{"start":{"line":124,"column":0},"end":{"line":128,"column":null}}}},"branchMap":{},"s":{"0":0,"1":0,"2":0,"3":0,"4":0,"5":0,"6":0,"7":0,"8":0,"9":0,"10":0,"11":0,"12":0,"13":0,"14":0,"15":0,"16":0,"17":0,"18":0,"19":0,"20":0,"21":0,"22":0,"23":0,"24":0,"25":0,"26":0,"27":0},"f":{"0":0,"1":0,"2":0,"3":0,"4":0,"5":0,"6":0,"7":0,"8":0,"9":0,"10":0,"11":0,"12":0,"13":0},"b":{}}
,"/home/florian/Documents/softozor/shopozor-manager-frontend/src/components/Products/ProductDeleteManager.vue": {"path":"/home/florian/Documents/softozor/shopozor-manager-frontend/src/components/Products/ProductDeleteManager.vue","statementMap":{"0":{"start":{"line":11,"column":0},"end":{"line":11,"column":null}},"1":{"start":{"line":12,"column":0},"end":{"line":12,"column":null}},"2":{"start":{"line":17,"column":0},"end":{"line":17,"column":null}},"3":{"start":{"line":30,"column":0},"end":{"line":30,"column":null}},"4":{"start":{"line":34,"column":0},"end":{"line":34,"column":null}},"5":{"start":{"line":37,"column":0},"end":{"line":37,"column":null}},"6":{"start":{"line":59,"column":0},"end":{"line":59,"column":null}},"7":{"start":{"line":60,"column":0},"end":{"line":83,"column":null}},"8":{"start":{"line":64,"column":0},"end":{"line":71,"column":null}},"9":{"start":{"line":67,"column":0},"end":{"line":67,"column":null}},"10":{"start":{"line":74,"column":0},"end":{"line":81,"column":null}},"11":{"start":{"line":77,"column":0},"end":{"line":77,"column":null}}},"fnMap":{"0":{"name":"data","decl":{"start":{"line":16,"column":0},"end":{"line":16,"column":null}},"loc":{"start":{"line":16,"column":0},"end":{"line":21,"column":null}}},"1":{"name":"ordersSummary","decl":{"start":{"line":29,"column":0},"end":{"line":29,"column":null}},"loc":{"start":{"line":29,"column":0},"end":{"line":32,"column":null}}},"2":{"name":"state","decl":{"start":{"line":33,"column":0},"end":{"line":33,"column":null}},"loc":{"start":{"line":33,"column":0},"end":{"line":35,"column":null}}},"3":{"name":"dialogs","decl":{"start":{"line":36,"column":0},"end":{"line":36,"column":null}},"loc":{"start":{"line":36,"column":0},"end":{"line":54,"column":null}}},"4":{"name":"deleteProduct","decl":{"start":{"line":58,"column":0},"end":{"line":58,"column":null}},"loc":{"start":{"line":58,"column":0},"end":{"line":84,"column":null}}},"5":{"name":"(anonymous_6)","decl":{"start":{"line":64,"column":0},"end":{"line":64,"column":null}},"loc":{"start":{"line":64,"column":0},"end":{"line":71,"column":null}}},"6":{"name":"(anonymous_7)","decl":{"start":{"line":71,"column":0},"end":{"line":71,"column":null}},"loc":{"start":{"line":71,"column":0},"end":{"line":71,"column":null}}},"7":{"name":"(anonymous_8)","decl":{"start":{"line":74,"column":0},"end":{"line":74,"column":null}},"loc":{"start":{"line":74,"column":0},"end":{"line":81,"column":null}}},"8":{"name":"(anonymous_9)","decl":{"start":{"line":81,"column":0},"end":{"line":81,"column":null}},"loc":{"start":{"line":81,"column":0},"end":{"line":81,"column":null}}}},"branchMap":{"0":{"loc":{"start":{"line":60,"column":0},"end":{"line":83,"column":null}},"type":"if","locations":[{"start":{"line":60,"column":0},"end":{"line":83,"column":null}},{"start":{"line":60,"column":0},"end":{"line":83,"column":null}}]},"1":{"loc":{"start":{"line":60,"column":0},"end":{"line":60,"column":null}},"type":"binary-expr","locations":[{"start":{"line":60,"column":0},"end":{"line":60,"column":null}},{"start":{"line":60,"column":0},"end":{"line":60,"column":null}}]}},"s":{"0":0,"1":0,"2":0,"3":0,"4":0,"5":0,"6":0,"7":0,"8":0,"9":0,"10":0,"11":0},"f":{"0":0,"1":0,"2":0,"3":0,"4":0,"5":0,"6":0,"7":0,"8":0},"b":{"0":[0,0],"1":[0,0]}}
,"/home/florian/Documents/softozor/shopozor-manager-frontend/src/components/Products/ProductVisibilityManager.vue": {"path":"/home/florian/Documents/softozor/shopozor-manager-frontend/src/components/Products/ProductVisibilityManager.vue","statementMap":{"0":{"start":{"line":15,"column":0},"end":{"line":15,"column":null}},"1":{"start":{"line":16,"column":0},"end":{"line":16,"column":null}},"2":{"start":{"line":21,"column":0},"end":{"line":21,"column":null}},"3":{"start":{"line":34,"column":0},"end":{"line":34,"column":null}},"4":{"start":{"line":40,"column":0},"end":{"line":40,"column":null}},"5":{"start":{"line":43,"column":0},"end":{"line":43,"column":null}},"6":{"start":{"line":47,"column":0},"end":{"line":49,"column":null}},"7":{"start":{"line":48,"column":0},"end":{"line":48,"column":null}},"8":{"start":{"line":49,"column":0},"end":{"line":49,"column":null}},"9":{"start":{"line":53,"column":0},"end":{"line":53,"column":null}},"10":{"start":{"line":67,"column":0},"end":{"line":67,"column":null}},"11":{"start":{"line":68,"column":0},"end":{"line":89,"column":null}},"12":{"start":{"line":73,"column":0},"end":{"line":83,"column":null}},"13":{"start":{"line":76,"column":0},"end":{"line":76,"column":null}},"14":{"start":{"line":82,"column":0},"end":{"line":82,"column":null}},"15":{"start":{"line":85,"column":0},"end":{"line":85,"column":null}}},"fnMap":{"0":{"name":"data","decl":{"start":{"line":20,"column":0},"end":{"line":20,"column":null}},"loc":{"start":{"line":20,"column":0},"end":{"line":25,"column":null}}},"1":{"name":"_default","decl":{"start":{"line":33,"column":0},"end":{"line":33,"column":null}},"loc":{"start":{"line":33,"column":0},"end":{"line":35,"column":null}}},"2":{"name":"state","decl":{"start":{"line":39,"column":0},"end":{"line":39,"column":null}},"loc":{"start":{"line":39,"column":0},"end":{"line":41,"column":null}}},"3":{"name":"ordersSummary","decl":{"start":{"line":42,"column":0},"end":{"line":42,"column":null}},"loc":{"start":{"line":42,"column":0},"end":{"line":45,"column":null}}},"4":{"name":"visibilityLabel","decl":{"start":{"line":46,"column":0},"end":{"line":46,"column":null}},"loc":{"start":{"line":46,"column":0},"end":{"line":51,"column":null}}},"5":{"name":"confirmHideWithOrders","decl":{"start":{"line":52,"column":0},"end":{"line":52,"column":null}},"loc":{"start":{"line":52,"column":0},"end":{"line":62,"column":null}}},"6":{"name":"toggleVisibility","decl":{"start":{"line":66,"column":0},"end":{"line":66,"column":null}},"loc":{"start":{"line":66,"column":0},"end":{"line":90,"column":null}}},"7":{"name":"(anonymous_8)","decl":{"start":{"line":73,"column":0},"end":{"line":73,"column":null}},"loc":{"start":{"line":73,"column":0},"end":{"line":80,"column":null}}},"8":{"name":"(anonymous_9)","decl":{"start":{"line":80,"column":0},"end":{"line":80,"column":null}},"loc":{"start":{"line":80,"column":0},"end":{"line":83,"column":null}}}},"branchMap":{"0":{"loc":{"start":{"line":47,"column":0},"end":{"line":49,"column":null}},"type":"if","locations":[{"start":{"line":47,"column":0},"end":{"line":49,"column":null}},{"start":{"line":47,"column":0},"end":{"line":49,"column":null}}]},"1":{"loc":{"start":{"line":47,"column":0},"end":{"line":47,"column":null}},"type":"binary-expr","locations":[{"start":{"line":47,"column":0},"end":{"line":47,"column":null}},{"start":{"line":47,"column":0},"end":{"line":47,"column":null}}]},"2":{"loc":{"start":{"line":49,"column":0},"end":{"line":49,"column":null}},"type":"if","locations":[{"start":{"line":49,"column":0},"end":{"line":49,"column":null}},{"start":{"line":49,"column":0},"end":{"line":49,"column":null}}]},"3":{"loc":{"start":{"line":68,"column":0},"end":{"line":89,"column":null}},"type":"if","locations":[{"start":{"line":68,"column":0},"end":{"line":89,"column":null}},{"start":{"line":68,"column":0},"end":{"line":89,"column":null}}]},"4":{"loc":{"start":{"line":68,"column":0},"end":{"line":68,"column":null}},"type":"binary-expr","locations":[{"start":{"line":68,"column":0},"end":{"line":68,"column":null}},{"start":{"line":68,"column":0},"end":{"line":68,"column":null}},{"start":{"line":68,"column":0},"end":{"line":68,"column":null}}]}},"s":{"0":0,"1":0,"2":0,"3":0,"4":0,"5":0,"6":0,"7":0,"8":0,"9":0,"10":0,"11":0,"12":0,"13":0,"14":0,"15":0},"f":{"0":0,"1":0,"2":0,"3":0,"4":0,"5":0,"6":0,"7":0,"8":0},"b":{"0":[0,0],"1":[0,0],"2":[0,0],"3":[0,0],"4":[0,0,0]}}
,"/home/florian/Documents/softozor/shopozor-manager-frontend/src/components/Products/Edit/ProductDefaultPricePerUnitSelector.vue": {"path":"/home/florian/Documents/softozor/shopozor-manager-frontend/src/components/Products/Edit/ProductDefaultPricePerUnitSelector.vue","statementMap":{"0":{"start":{"line":25,"column":0},"end":{"line":25,"column":null}},"1":{"start":{"line":26,"column":0},"end":{"line":26,"column":null}},"2":{"start":{"line":27,"column":0},"end":{"line":27,"column":null}},"3":{"start":{"line":28,"column":0},"end":{"line":28,"column":null}},"4":{"start":{"line":39,"column":0},"end":{"line":39,"column":null}},"5":{"start":{"line":40,"column":0},"end":{"line":40,"column":null}},"6":{"start":{"line":43,"column":0},"end":{"line":43,"column":null}},"7":{"start":{"line":44,"column":0},"end":{"line":44,"column":null}},"8":{"start":{"line":50,"column":0},"end":{"line":50,"column":null}},"9":{"start":{"line":53,"column":0},"end":{"line":53,"column":null}}},"fnMap":{"0":{"name":"defaultCustomerPrice","decl":{"start":{"line":34,"column":0},"end":{"line":34,"column":null}},"loc":{"start":{"line":34,"column":0},"end":{"line":41,"column":null}}},"1":{"name":"defaultUnit","decl":{"start":{"line":42,"column":0},"end":{"line":42,"column":null}},"loc":{"start":{"line":42,"column":0},"end":{"line":45,"column":null}}},"2":{"name":"setDefaultCustomerPrice","decl":{"start":{"line":49,"column":0},"end":{"line":49,"column":null}},"loc":{"start":{"line":49,"column":0},"end":{"line":51,"column":null}}},"3":{"name":"setDefaultUnit","decl":{"start":{"line":52,"column":0},"end":{"line":52,"column":null}},"loc":{"start":{"line":52,"column":0},"end":{"line":54,"column":null}}}},"branchMap":{"0":{"loc":{"start":{"line":39,"column":0},"end":{"line":39,"column":null}},"type":"if","locations":[{"start":{"line":39,"column":0},"end":{"line":39,"column":null}},{"start":{"line":39,"column":0},"end":{"line":39,"column":null}}]},"1":{"loc":{"start":{"line":43,"column":0},"end":{"line":43,"column":null}},"type":"if","locations":[{"start":{"line":43,"column":0},"end":{"line":43,"column":null}},{"start":{"line":43,"column":0},"end":{"line":43,"column":null}}]}},"s":{"0":0,"1":0,"2":0,"3":0,"4":0,"5":0,"6":0,"7":0,"8":0,"9":0},"f":{"0":0,"1":0,"2":0,"3":0},"b":{"0":[0,0],"1":[0,0]}}
,"/home/florian/Documents/softozor/shopozor-manager-frontend/src/components/Products/Edit/ProductEditFormats.vue": {"path":"/home/florian/Documents/softozor/shopozor-manager-frontend/src/components/Products/Edit/ProductEditFormats.vue","statementMap":{"0":{"start":{"line":25,"column":0},"end":{"line":25,"column":null}},"1":{"start":{"line":26,"column":0},"end":{"line":26,"column":null}},"2":{"start":{"line":27,"column":0},"end":{"line":27,"column":null}},"3":{"start":{"line":28,"column":0},"end":{"line":28,"column":null}},"4":{"start":{"line":35,"column":0},"end":{"line":35,"column":null}}},"fnMap":{"0":{"name":"formatsIds","decl":{"start":{"line":34,"column":0},"end":{"line":34,"column":null}},"loc":{"start":{"line":34,"column":0},"end":{"line":36,"column":null}}}},"branchMap":{},"s":{"0":0,"1":0,"2":0,"3":0,"4":0},"f":{"0":0},"b":{}}
,"/home/florian/Documents/softozor/shopozor-manager-frontend/src/components/Products/Edit/ProductEditName.vue": {"path":"/home/florian/Documents/softozor/shopozor-manager-frontend/src/components/Products/Edit/ProductEditName.vue","statementMap":{"0":{"start":{"line":29,"column":0},"end":{"line":29,"column":null}},"1":{"start":{"line":36,"column":0},"end":{"line":36,"column":null}},"2":{"start":{"line":39,"column":0},"end":{"line":39,"column":null}},"3":{"start":{"line":42,"column":0},"end":{"line":42,"column":null}}},"fnMap":{"0":{"name":"productId","decl":{"start":{"line":35,"column":0},"end":{"line":35,"column":null}},"loc":{"start":{"line":35,"column":0},"end":{"line":37,"column":null}}},"1":{"name":"productTitle","decl":{"start":{"line":38,"column":0},"end":{"line":38,"column":null}},"loc":{"start":{"line":38,"column":0},"end":{"line":40,"column":null}}},"2":{"name":"productDescription","decl":{"start":{"line":41,"column":0},"end":{"line":41,"column":null}},"loc":{"start":{"line":41,"column":0},"end":{"line":43,"column":null}}}},"branchMap":{},"s":{"0":0,"1":0,"2":0,"3":0},"f":{"0":0,"1":0,"2":0},"b":{}}
,"/home/florian/Documents/softozor/shopozor-manager-frontend/src/components/Products/Edit/ProductEditPicture.vue": {"path":"/home/florian/Documents/softozor/shopozor-manager-frontend/src/components/Products/Edit/ProductEditPicture.vue","statementMap":{"0":{"start":{"line":13,"column":0},"end":{"line":13,"column":null}},"1":{"start":{"line":14,"column":0},"end":{"line":14,"column":null}},"2":{"start":{"line":21,"column":0},"end":{"line":21,"column":null}}},"fnMap":{"0":{"name":"image","decl":{"start":{"line":20,"column":0},"end":{"line":20,"column":null}},"loc":{"start":{"line":20,"column":0},"end":{"line":22,"column":null}}}},"branchMap":{},"s":{"0":0,"1":0,"2":0},"f":{"0":0},"b":{}}
,"/home/florian/Documents/softozor/shopozor-manager-frontend/src/components/Products/Edit/ProductEditType.vue": {"path":"/home/florian/Documents/softozor/shopozor-manager-frontend/src/components/Products/Edit/ProductEditType.vue","statementMap":{"0":{"start":{"line":37,"column":0},"end":{"line":37,"column":null}},"1":{"start":{"line":39,"column":0},"end":{"line":39,"column":null}},"2":{"start":{"line":46,"column":0},"end":{"line":46,"column":null}},"3":{"start":{"line":49,"column":0},"end":{"line":49,"column":null}},"4":{"start":{"line":50,"column":0},"end":{"line":50,"column":null}},"5":{"start":{"line":53,"column":0},"end":{"line":53,"column":null}},"6":{"start":{"line":55,"column":0},"end":{"line":55,"column":null}},"7":{"start":{"line":56,"column":0},"end":{"line":61,"column":null}},"8":{"start":{"line":57,"column":0},"end":{"line":57,"column":null}},"9":{"start":{"line":63,"column":0},"end":{"line":63,"column":null}},"10":{"start":{"line":64,"column":0},"end":{"line":69,"column":null}},"11":{"start":{"line":65,"column":0},"end":{"line":65,"column":null}}},"fnMap":{"0":{"name":"conservationMethod","decl":{"start":{"line":45,"column":0},"end":{"line":45,"column":null}},"loc":{"start":{"line":45,"column":0},"end":{"line":47,"column":null}}},"1":{"name":"conservationDays","decl":{"start":{"line":48,"column":0},"end":{"line":48,"column":null}},"loc":{"start":{"line":48,"column":0},"end":{"line":51,"column":null}}},"2":{"name":"categories","decl":{"start":{"line":52,"column":0},"end":{"line":52,"column":null}},"loc":{"start":{"line":52,"column":0},"end":{"line":54,"column":null}}},"3":{"name":"categoriesOptions","decl":{"start":{"line":55,"column":0},"end":{"line":55,"column":null}},"loc":{"start":{"line":55,"column":0},"end":{"line":62,"column":null}}},"4":{"name":"(anonymous_5)","decl":{"start":{"line":56,"column":0},"end":{"line":56,"column":null}},"loc":{"start":{"line":56,"column":0},"end":{"line":61,"column":null}}},"5":{"name":"conservationOptions","decl":{"start":{"line":63,"column":0},"end":{"line":63,"column":null}},"loc":{"start":{"line":63,"column":0},"end":{"line":70,"column":null}}},"6":{"name":"(anonymous_7)","decl":{"start":{"line":64,"column":0},"end":{"line":64,"column":null}},"loc":{"start":{"line":64,"column":0},"end":{"line":69,"column":null}}}},"branchMap":{},"s":{"0":0,"1":0,"2":0,"3":0,"4":0,"5":0,"6":0,"7":0,"8":0,"9":0,"10":0,"11":0},"f":{"0":0,"1":0,"2":0,"3":0,"4":0,"5":0,"6":0},"b":{}}
,"/home/florian/Documents/softozor/shopozor-manager-frontend/src/components/Products/Edit/ProductToggleNonTrivialChanges.vue": {"path":"/home/florian/Documents/softozor/shopozor-manager-frontend/src/components/Products/Edit/ProductToggleNonTrivialChanges.vue","statementMap":{"0":{"start":{"line":11,"column":0},"end":{"line":11,"column":null}},"1":{"start":{"line":17,"column":0},"end":{"line":17,"column":null}},"2":{"start":{"line":22,"column":0},"end":{"line":22,"column":null}}},"fnMap":{"0":{"name":"allowNonTrivialChanges","decl":{"start":{"line":17,"column":0},"end":{"line":17,"column":null}},"loc":{"start":{"line":17,"column":0},"end":{"line":17,"column":null}}},"1":{"name":"toggleNonTrivialChanges","decl":{"start":{"line":21,"column":0},"end":{"line":21,"column":null}},"loc":{"start":{"line":21,"column":0},"end":{"line":23,"column":null}}}},"branchMap":{},"s":{"0":0,"1":0,"2":0},"f":{"0":0,"1":0},"b":{}}
,"/home/florian/Documents/softozor/shopozor-manager-frontend/src/components/Products/Edit/ProductsEditView.vue": {"path":"/home/florian/Documents/softozor/shopozor-manager-frontend/src/components/Products/Edit/ProductsEditView.vue","statementMap":{"0":{"start":{"line":18,"column":0},"end":{"line":18,"column":null}},"1":{"start":{"line":19,"column":0},"end":{"line":19,"column":null}},"2":{"start":{"line":20,"column":0},"end":{"line":20,"column":null}},"3":{"start":{"line":21,"column":0},"end":{"line":21,"column":null}},"4":{"start":{"line":22,"column":0},"end":{"line":22,"column":null}},"5":{"start":{"line":23,"column":0},"end":{"line":23,"column":null}},"6":{"start":{"line":46,"column":0},"end":{"line":46,"column":null}},"7":{"start":{"line":47,"column":0},"end":{"line":47,"column":null}},"8":{"start":{"line":49,"column":0},"end":{"line":49,"column":null}},"9":{"start":{"line":50,"column":0},"end":{"line":50,"column":null}},"10":{"start":{"line":54,"column":0},"end":{"line":58,"column":null}},"11":{"start":{"line":58,"column":0},"end":{"line":58,"column":null}},"12":{"start":{"line":60,"column":0},"end":{"line":60,"column":null}}},"fnMap":{"0":{"name":"back","decl":{"start":{"line":45,"column":0},"end":{"line":45,"column":null}},"loc":{"start":{"line":45,"column":0},"end":{"line":48,"column":null}}},"1":{"name":"save","decl":{"start":{"line":49,"column":0},"end":{"line":49,"column":null}},"loc":{"start":{"line":49,"column":0},"end":{"line":59,"column":null}}},"2":{"name":"(anonymous_3)","decl":{"start":{"line":54,"column":0},"end":{"line":54,"column":null}},"loc":{"start":{"line":54,"column":0},"end":{"line":58,"column":null}}},"3":{"name":"cancel","decl":{"start":{"line":60,"column":0},"end":{"line":60,"column":null}},"loc":{"start":{"line":60,"column":0},"end":{"line":60,"column":null}}}},"branchMap":{},"s":{"0":0,"1":0,"2":0,"3":0,"4":0,"5":0,"6":0,"7":0,"8":0,"9":0,"10":0,"11":0,"12":0},"f":{"0":0,"1":0,"2":0,"3":0},"b":{}}
,"/home/florian/Documents/softozor/shopozor-manager-frontend/src/components/Products/Edit/Formats/FormatAmount.vue": {"path":"/home/florian/Documents/softozor/shopozor-manager-frontend/src/components/Products/Edit/Formats/FormatAmount.vue","statementMap":{"0":{"start":{"line":39,"column":0},"end":{"line":39,"column":null}},"1":{"start":{"line":40,"column":0},"end":{"line":40,"column":null}},"2":{"start":{"line":54,"column":0},"end":{"line":54,"column":null}},"3":{"start":{"line":57,"column":0},"end":{"line":57,"column":null}},"4":{"start":{"line":58,"column":0},"end":{"line":58,"column":null}},"5":{"start":{"line":64,"column":0},"end":{"line":64,"column":null}},"6":{"start":{"line":67,"column":0},"end":{"line":67,"column":null}},"7":{"start":{"line":70,"column":0},"end":{"line":96,"column":null}},"8":{"start":{"line":71,"column":0},"end":{"line":71,"column":null}},"9":{"start":{"line":72,"column":0},"end":{"line":96,"column":null}},"10":{"start":{"line":73,"column":0},"end":{"line":73,"column":null}},"11":{"start":{"line":85,"column":0},"end":{"line":85,"column":null}}},"fnMap":{"0":{"name":"amount","decl":{"start":{"line":53,"column":0},"end":{"line":53,"column":null}},"loc":{"start":{"line":53,"column":0},"end":{"line":55,"column":null}}},"1":{"name":"disableRemove","decl":{"start":{"line":56,"column":0},"end":{"line":56,"column":null}},"loc":{"start":{"line":56,"column":0},"end":{"line":59,"column":null}}},"2":{"name":"add","decl":{"start":{"line":63,"column":0},"end":{"line":63,"column":null}},"loc":{"start":{"line":63,"column":0},"end":{"line":65,"column":null}}},"3":{"name":"remove","decl":{"start":{"line":66,"column":0},"end":{"line":66,"column":null}},"loc":{"start":{"line":66,"column":0},"end":{"line":68,"column":null}}},"4":{"name":"updateAmount","decl":{"start":{"line":69,"column":0},"end":{"line":69,"column":null}},"loc":{"start":{"line":69,"column":0},"end":{"line":97,"column":null}}}},"branchMap":{"0":{"loc":{"start":{"line":58,"column":0},"end":{"line":58,"column":null}},"type":"binary-expr","locations":[{"start":{"line":58,"column":0},"end":{"line":58,"column":null}},{"start":{"line":58,"column":0},"end":{"line":58,"column":null}},{"start":{"line":58,"column":0},"end":{"line":58,"column":null}}]},"1":{"loc":{"start":{"line":70,"column":0},"end":{"line":96,"column":null}},"type":"if","locations":[{"start":{"line":70,"column":0},"end":{"line":96,"column":null}},{"start":{"line":70,"column":0},"end":{"line":96,"column":null}}]},"2":{"loc":{"start":{"line":70,"column":0},"end":{"line":70,"column":null}},"type":"binary-expr","locations":[{"start":{"line":70,"column":0},"end":{"line":70,"column":null}},{"start":{"line":70,"column":0},"end":{"line":70,"column":null}},{"start":{"line":70,"column":0},"end":{"line":70,"column":null}}]},"3":{"loc":{"start":{"line":72,"column":0},"end":{"line":96,"column":null}},"type":"if","locations":[{"start":{"line":72,"column":0},"end":{"line":96,"column":null}},{"start":{"line":72,"column":0},"end":{"line":96,"column":null}}]}},"s":{"0":0,"1":0,"2":0,"3":0,"4":0,"5":0,"6":0,"7":0,"8":0,"9":0,"10":0,"11":0},"f":{"0":0,"1":0,"2":0,"3":0,"4":0},"b":{"0":[0,0,0],"1":[0,0],"2":[0,0,0],"3":[0,0]}}
,"/home/florian/Documents/softozor/shopozor-manager-frontend/src/components/Products/Edit/Formats/FormatCriticalValuesMixin.js": {"path":"/home/florian/Documents/softozor/shopozor-manager-frontend/src/components/Products/Edit/Formats/FormatCriticalValuesMixin.js","statementMap":{"0":{"start":{"line":14,"column":6},"end":{"line":14,"column":75}},"1":{"start":{"line":17,"column":22},"end":{"line":17,"column":52}},"2":{"start":{"line":18,"column":6},"end":{"line":18,"column":31}},"3":{"start":{"line":21,"column":22},"end":{"line":21,"column":55}},"4":{"start":{"line":22,"column":6},"end":{"line":22,"column":31}},"5":{"start":{"line":25,"column":6},"end":{"line":25,"column":69}},"6":{"start":{"line":28,"column":6},"end":{"line":28,"column":105}}},"fnMap":{"0":{"name":"(anonymous_0)","decl":{"start":{"line":13,"column":4},"end":{"line":13,"column":5}},"loc":{"start":{"line":13,"column":28},"end":{"line":15,"column":5}},"line":13},"1":{"name":"(anonymous_1)","decl":{"start":{"line":16,"column":4},"end":{"line":16,"column":5}},"loc":{"start":{"line":16,"column":28},"end":{"line":19,"column":5}},"line":16},"2":{"name":"(anonymous_2)","decl":{"start":{"line":20,"column":4},"end":{"line":20,"column":5}},"loc":{"start":{"line":20,"column":31},"end":{"line":23,"column":5}},"line":20},"3":{"name":"(anonymous_3)","decl":{"start":{"line":24,"column":4},"end":{"line":24,"column":5}},"loc":{"start":{"line":24,"column":30},"end":{"line":26,"column":5}},"line":24},"4":{"name":"(anonymous_4)","decl":{"start":{"line":27,"column":4},"end":{"line":27,"column":5}},"loc":{"start":{"line":27,"column":19},"end":{"line":29,"column":5}},"line":27}},"branchMap":{"0":{"loc":{"start":{"line":28,"column":13},"end":{"line":28,"column":105}},"type":"binary-expr","locations":[{"start":{"line":28,"column":14},"end":{"line":28,"column":40}},{"start":{"line":28,"column":44},"end":{"line":28,"column":73}},{"start":{"line":28,"column":78},"end":{"line":28,"column":105}}],"line":28}},"s":{"0":0,"1":0,"2":0,"3":0,"4":0,"5":0,"6":0},"f":{"0":0,"1":0,"2":0,"3":0,"4":0},"b":{"0":[0,0,0]}}
,"/home/florian/Documents/softozor/shopozor-manager-frontend/src/components/Products/Edit/Formats/FormatStateManager.vue": {"path":"/home/florian/Documents/softozor/shopozor-manager-frontend/src/components/Products/Edit/Formats/FormatStateManager.vue","statementMap":{"0":{"start":{"line":12,"column":0},"end":{"line":12,"column":null}},"1":{"start":{"line":13,"column":0},"end":{"line":13,"column":null}},"2":{"start":{"line":14,"column":0},"end":{"line":14,"column":null}},"3":{"start":{"line":28,"column":0},"end":{"line":28,"column":null}}},"fnMap":{"0":{"name":"del","decl":{"start":{"line":27,"column":0},"end":{"line":27,"column":null}},"loc":{"start":{"line":27,"column":0},"end":{"line":32,"column":null}}}},"branchMap":{},"s":{"0":0,"1":0,"2":0,"3":0},"f":{"0":0},"b":{}}
,"/home/florian/Documents/softozor/shopozor-manager-frontend/src/components/Products/Edit/Formats/NewFormat.vue": {"path":"/home/florian/Documents/softozor/shopozor-manager-frontend/src/components/Products/Edit/Formats/NewFormat.vue","statementMap":{"0":{"start":{"line":8,"column":0},"end":{"line":8,"column":null}},"1":{"start":{"line":15,"column":0},"end":{"line":15,"column":null}}},"fnMap":{"0":{"name":"createFormat","decl":{"start":{"line":14,"column":0},"end":{"line":14,"column":null}},"loc":{"start":{"line":14,"column":0},"end":{"line":16,"column":null}}}},"branchMap":{},"s":{"0":0,"1":0},"f":{"0":0},"b":{}}
,"/home/florian/Documents/softozor/shopozor-manager-frontend/src/components/Products/Edit/Formats/ProductEditFormat.vue": {"path":"/home/florian/Documents/softozor/shopozor-manager-frontend/src/components/Products/Edit/Formats/ProductEditFormat.vue","statementMap":{"0":{"start":{"line":13,"column":0},"end":{"line":13,"column":null}},"1":{"start":{"line":14,"column":0},"end":{"line":14,"column":null}},"2":{"start":{"line":15,"column":0},"end":{"line":15,"column":null}},"3":{"start":{"line":16,"column":0},"end":{"line":16,"column":null}},"4":{"start":{"line":17,"column":0},"end":{"line":17,"column":null}},"5":{"start":{"line":18,"column":0},"end":{"line":18,"column":null}},"6":{"start":{"line":19,"column":0},"end":{"line":19,"column":null}},"7":{"start":{"line":25,"column":0},"end":{"line":25,"column":null}},"8":{"start":{"line":38,"column":0},"end":{"line":38,"column":null}},"9":{"start":{"line":39,"column":0},"end":{"line":39,"column":null}}},"fnMap":{"0":{"name":"data","decl":{"start":{"line":24,"column":0},"end":{"line":24,"column":null}},"loc":{"start":{"line":24,"column":0},"end":{"line":28,"column":null}}},"1":{"name":"show","decl":{"start":{"line":37,"column":0},"end":{"line":37,"column":null}},"loc":{"start":{"line":37,"column":0},"end":{"line":40,"column":null}}}},"branchMap":{"0":{"loc":{"start":{"line":39,"column":0},"end":{"line":39,"column":null}},"type":"binary-expr","locations":[{"start":{"line":39,"column":0},"end":{"line":39,"column":null}},{"start":{"line":39,"column":0},"end":{"line":39,"column":null}}]}},"s":{"0":0,"1":0,"2":0,"3":0,"4":0,"5":0,"6":0,"7":0,"8":0,"9":0},"f":{"0":0,"1":0},"b":{"0":[0,0]}}
,"/home/florian/Documents/softozor/shopozor-manager-frontend/src/components/Products/Edit/Formats/FormatDescription/FormatDescription.vue": {"path":"/home/florian/Documents/softozor/shopozor-manager-frontend/src/components/Products/Edit/Formats/FormatDescription/FormatDescription.vue","statementMap":{"0":{"start":{"line":17,"column":0},"end":{"line":17,"column":null}},"1":{"start":{"line":18,"column":0},"end":{"line":18,"column":null}},"2":{"start":{"line":19,"column":0},"end":{"line":19,"column":null}},"3":{"start":{"line":20,"column":0},"end":{"line":20,"column":null}},"4":{"start":{"line":21,"column":0},"end":{"line":21,"column":null}},"5":{"start":{"line":22,"column":0},"end":{"line":22,"column":null}},"6":{"start":{"line":23,"column":0},"end":{"line":23,"column":null}},"7":{"start":{"line":28,"column":0},"end":{"line":28,"column":null}},"8":{"start":{"line":41,"column":0},"end":{"line":41,"column":null}},"9":{"start":{"line":44,"column":0},"end":{"line":44,"column":null}},"10":{"start":{"line":47,"column":0},"end":{"line":47,"column":null}},"11":{"start":{"line":50,"column":0},"end":{"line":50,"column":null}},"12":{"start":{"line":53,"column":0},"end":{"line":53,"column":null}},"13":{"start":{"line":56,"column":0},"end":{"line":56,"column":null}},"14":{"start":{"line":62,"column":0},"end":{"line":62,"column":null}},"15":{"start":{"line":68,"column":0},"end":{"line":68,"column":null}},"16":{"start":{"line":71,"column":0},"end":{"line":71,"column":null}},"17":{"start":{"line":74,"column":0},"end":{"line":74,"column":null}},"18":{"start":{"line":77,"column":0},"end":{"line":77,"column":null}},"19":{"start":{"line":80,"column":0},"end":{"line":80,"column":null}}},"fnMap":{"0":{"name":"data","decl":{"start":{"line":27,"column":0},"end":{"line":27,"column":null}},"loc":{"start":{"line":27,"column":0},"end":{"line":31,"column":null}}},"1":{"name":"formatUI","decl":{"start":{"line":40,"column":0},"end":{"line":40,"column":null}},"loc":{"start":{"line":40,"column":0},"end":{"line":42,"column":null}}},"2":{"name":"description","decl":{"start":{"line":43,"column":0},"end":{"line":43,"column":null}},"loc":{"start":{"line":43,"column":0},"end":{"line":45,"column":null}}},"3":{"name":"size","decl":{"start":{"line":46,"column":0},"end":{"line":46,"column":null}},"loc":{"start":{"line":46,"column":0},"end":{"line":48,"column":null}}},"4":{"name":"sizeUnit","decl":{"start":{"line":49,"column":0},"end":{"line":49,"column":null}},"loc":{"start":{"line":49,"column":0},"end":{"line":51,"column":null}}},"5":{"name":"customerPrice","decl":{"start":{"line":52,"column":0},"end":{"line":52,"column":null}},"loc":{"start":{"line":52,"column":0},"end":{"line":54,"column":null}}},"6":{"name":"customerPriceUnit","decl":{"start":{"line":55,"column":0},"end":{"line":55,"column":null}},"loc":{"start":{"line":55,"column":0},"end":{"line":57,"column":null}}},"7":{"name":"update","decl":{"start":{"line":61,"column":0},"end":{"line":61,"column":null}},"loc":{"start":{"line":61,"column":0},"end":{"line":66,"column":null}}},"8":{"name":"updateDescription","decl":{"start":{"line":67,"column":0},"end":{"line":67,"column":null}},"loc":{"start":{"line":67,"column":0},"end":{"line":69,"column":null}}},"9":{"name":"updateSize","decl":{"start":{"line":70,"column":0},"end":{"line":70,"column":null}},"loc":{"start":{"line":70,"column":0},"end":{"line":72,"column":null}}},"10":{"name":"updateSizeUnit","decl":{"start":{"line":73,"column":0},"end":{"line":73,"column":null}},"loc":{"start":{"line":73,"column":0},"end":{"line":75,"column":null}}},"11":{"name":"updateCustomerPrice","decl":{"start":{"line":76,"column":0},"end":{"line":76,"column":null}},"loc":{"start":{"line":76,"column":0},"end":{"line":78,"column":null}}},"12":{"name":"updateCustomerPriceUnit","decl":{"start":{"line":79,"column":0},"end":{"line":79,"column":null}},"loc":{"start":{"line":79,"column":0},"end":{"line":81,"column":null}}}},"branchMap":{},"s":{"0":0,"1":0,"2":0,"3":0,"4":0,"5":0,"6":0,"7":0,"8":0,"9":0,"10":0,"11":0,"12":0,"13":0,"14":0,"15":0,"16":0,"17":0,"18":0,"19":0},"f":{"0":0,"1":0,"2":0,"3":0,"4":0,"5":0,"6":0,"7":0,"8":0,"9":0,"10":0,"11":0,"12":0},"b":{}}
,"/home/florian/Documents/softozor/shopozor-manager-frontend/src/components/Products/Edit/Formats/FormatDescription/FormatDescriptionAuto.vue": {"path":"/home/florian/Documents/softozor/shopozor-manager-frontend/src/components/Products/Edit/Formats/FormatDescription/FormatDescriptionAuto.vue","statementMap":{"0":{"start":{"line":28,"column":0},"end":{"line":28,"column":null}},"1":{"start":{"line":29,"column":0},"end":{"line":29,"column":null}},"2":{"start":{"line":30,"column":0},"end":{"line":30,"column":null}},"3":{"start":{"line":31,"column":0},"end":{"line":31,"column":null}},"4":{"start":{"line":32,"column":0},"end":{"line":32,"column":null}},"5":{"start":{"line":38,"column":0},"end":{"line":38,"column":null}},"6":{"start":{"line":50,"column":0},"end":{"line":50,"column":null}},"7":{"start":{"line":51,"column":0},"end":{"line":51,"column":null}},"8":{"start":{"line":52,"column":0},"end":{"line":52,"column":null}},"9":{"start":{"line":53,"column":0},"end":{"line":53,"column":null}},"10":{"start":{"line":54,"column":0},"end":{"line":54,"column":null}},"11":{"start":{"line":59,"column":0},"end":{"line":59,"column":null}},"12":{"start":{"line":62,"column":0},"end":{"line":62,"column":null}},"13":{"start":{"line":63,"column":0},"end":{"line":63,"column":null}},"14":{"start":{"line":66,"column":0},"end":{"line":66,"column":null}},"15":{"start":{"line":67,"column":0},"end":{"line":67,"column":null}},"16":{"start":{"line":70,"column":0},"end":{"line":70,"column":null}},"17":{"start":{"line":75,"column":0},"end":{"line":75,"column":null}},"18":{"start":{"line":79,"column":0},"end":{"line":79,"column":null}},"19":{"start":{"line":80,"column":0},"end":{"line":80,"column":null}},"20":{"start":{"line":84,"column":0},"end":{"line":91,"column":null}},"21":{"start":{"line":85,"column":0},"end":{"line":85,"column":null}},"22":{"start":{"line":86,"column":0},"end":{"line":91,"column":null}},"23":{"start":{"line":87,"column":0},"end":{"line":87,"column":null}},"24":{"start":{"line":89,"column":0},"end":{"line":89,"column":null}},"25":{"start":{"line":90,"column":0},"end":{"line":90,"column":null}}},"fnMap":{"0":{"name":"data","decl":{"start":{"line":37,"column":0},"end":{"line":37,"column":null}},"loc":{"start":{"line":37,"column":0},"end":{"line":41,"column":null}}},"1":{"name":"size","decl":{"start":{"line":50,"column":0},"end":{"line":50,"column":null}},"loc":{"start":{"line":50,"column":0},"end":{"line":50,"column":null}}},"2":{"name":"sizeUnit","decl":{"start":{"line":51,"column":0},"end":{"line":51,"column":null}},"loc":{"start":{"line":51,"column":0},"end":{"line":51,"column":null}}},"3":{"name":"defaultCustomerPrice","decl":{"start":{"line":52,"column":0},"end":{"line":52,"column":null}},"loc":{"start":{"line":52,"column":0},"end":{"line":52,"column":null}}},"4":{"name":"defaultUnit","decl":{"start":{"line":53,"column":0},"end":{"line":53,"column":null}},"loc":{"start":{"line":53,"column":0},"end":{"line":53,"column":null}}},"5":{"name":"physicalSize","decl":{"start":{"line":54,"column":0},"end":{"line":54,"column":null}},"loc":{"start":{"line":54,"column":0},"end":{"line":54,"column":null}}},"6":{"name":"update","decl":{"start":{"line":58,"column":0},"end":{"line":58,"column":null}},"loc":{"start":{"line":58,"column":0},"end":{"line":60,"column":null}}},"7":{"name":"updateSizeUnit","decl":{"start":{"line":61,"column":0},"end":{"line":61,"column":null}},"loc":{"start":{"line":61,"column":0},"end":{"line":64,"column":null}}},"8":{"name":"updateSize","decl":{"start":{"line":65,"column":0},"end":{"line":65,"column":null}},"loc":{"start":{"line":65,"column":0},"end":{"line":68,"column":null}}},"9":{"name":"updateCustomerPrice","decl":{"start":{"line":69,"column":0},"end":{"line":69,"column":null}},"loc":{"start":{"line":69,"column":0},"end":{"line":76,"column":null}}},"10":{"name":"defaultUnit","decl":{"start":{"line":79,"column":0},"end":{"line":79,"column":null}},"loc":{"start":{"line":79,"column":0},"end":{"line":79,"column":null}}},"11":{"name":"defaultCustomerPrice","decl":{"start":{"line":80,"column":0},"end":{"line":80,"column":null}},"loc":{"start":{"line":80,"column":0},"end":{"line":80,"column":null}}},"12":{"name":"mounted","decl":{"start":{"line":83,"column":0},"end":{"line":83,"column":null}},"loc":{"start":{"line":83,"column":0},"end":{"line":92,"column":null}}}},"branchMap":{"0":{"loc":{"start":{"line":84,"column":0},"end":{"line":91,"column":null}},"type":"if","locations":[{"start":{"line":84,"column":0},"end":{"line":91,"column":null}},{"start":{"line":84,"column":0},"end":{"line":91,"column":null}}]},"1":{"loc":{"start":{"line":84,"column":0},"end":{"line":84,"column":null}},"type":"binary-expr","locations":[{"start":{"line":84,"column":0},"end":{"line":84,"column":null}},{"start":{"line":84,"column":0},"end":{"line":84,"column":null}}]},"2":{"loc":{"start":{"line":86,"column":0},"end":{"line":91,"column":null}},"type":"if","locations":[{"start":{"line":86,"column":0},"end":{"line":91,"column":null}},{"start":{"line":86,"column":0},"end":{"line":91,"column":null}}]}},"s":{"0":0,"1":0,"2":0,"3":0,"4":0,"5":0,"6":0,"7":0,"8":0,"9":0,"10":0,"11":0,"12":0,"13":0,"14":0,"15":0,"16":0,"17":0,"18":0,"19":0,"20":0,"21":0,"22":0,"23":0,"24":0,"25":0},"f":{"0":0,"1":0,"2":0,"3":0,"4":0,"5":0,"6":0,"7":0,"8":0,"9":0,"10":0,"11":0,"12":0},"b":{"0":[0,0],"1":[0,0],"2":[0,0]}}
,"/home/florian/Documents/softozor/shopozor-manager-frontend/src/components/Products/Edit/Formats/FormatDescription/FormatDescriptionBulk.vue": {"path":"/home/florian/Documents/softozor/shopozor-manager-frontend/src/components/Products/Edit/Formats/FormatDescription/FormatDescriptionBulk.vue","statementMap":{"0":{"start":{"line":14,"column":0},"end":{"line":14,"column":null}},"1":{"start":{"line":15,"column":0},"end":{"line":15,"column":null}},"2":{"start":{"line":16,"column":0},"end":{"line":16,"column":null}},"3":{"start":{"line":30,"column":0},"end":{"line":30,"column":null}},"4":{"start":{"line":31,"column":0},"end":{"line":31,"column":null}},"5":{"start":{"line":39,"column":0},"end":{"line":39,"column":null}},"6":{"start":{"line":41,"column":0},"end":{"line":41,"column":null}}},"fnMap":{"0":{"name":"sizeUnit","decl":{"start":{"line":29,"column":0},"end":{"line":29,"column":null}},"loc":{"start":{"line":29,"column":0},"end":{"line":33,"column":null}}},"1":{"name":"update","decl":{"start":{"line":38,"column":0},"end":{"line":38,"column":null}},"loc":{"start":{"line":38,"column":0},"end":{"line":40,"column":null}}},"2":{"name":"updateSizeUnit","decl":{"start":{"line":41,"column":0},"end":{"line":41,"column":null}},"loc":{"start":{"line":41,"column":0},"end":{"line":41,"column":null}}}},"branchMap":{"0":{"loc":{"start":{"line":31,"column":0},"end":{"line":31,"column":null}},"type":"if","locations":[{"start":{"line":31,"column":0},"end":{"line":31,"column":null}},{"start":{"line":31,"column":0},"end":{"line":31,"column":null}}]}},"s":{"0":0,"1":0,"2":0,"3":0,"4":0,"5":0,"6":0},"f":{"0":0,"1":0,"2":0},"b":{"0":[0,0]}}
,"/home/florian/Documents/softozor/shopozor-manager-frontend/src/components/Products/Edit/Formats/FormatDescription/FormatDescriptionFree.vue": {"path":"/home/florian/Documents/softozor/shopozor-manager-frontend/src/components/Products/Edit/Formats/FormatDescription/FormatDescriptionFree.vue","statementMap":{"0":{"start":{"line":12,"column":0},"end":{"line":12,"column":null}},"1":{"start":{"line":13,"column":0},"end":{"line":13,"column":null}},"2":{"start":{"line":26,"column":0},"end":{"line":26,"column":null}},"3":{"start":{"line":27,"column":0},"end":{"line":27,"column":null}},"4":{"start":{"line":32,"column":0},"end":{"line":32,"column":null}},"5":{"start":{"line":34,"column":0},"end":{"line":34,"column":null}},"6":{"start":{"line":35,"column":0},"end":{"line":35,"column":null}}},"fnMap":{"0":{"name":"description","decl":{"start":{"line":26,"column":0},"end":{"line":26,"column":null}},"loc":{"start":{"line":26,"column":0},"end":{"line":26,"column":null}}},"1":{"name":"customerPrice","decl":{"start":{"line":27,"column":0},"end":{"line":27,"column":null}},"loc":{"start":{"line":27,"column":0},"end":{"line":27,"column":null}}},"2":{"name":"update","decl":{"start":{"line":31,"column":0},"end":{"line":31,"column":null}},"loc":{"start":{"line":31,"column":0},"end":{"line":33,"column":null}}},"3":{"name":"updateDescription","decl":{"start":{"line":34,"column":0},"end":{"line":34,"column":null}},"loc":{"start":{"line":34,"column":0},"end":{"line":34,"column":null}}},"4":{"name":"updateCustomerPrice","decl":{"start":{"line":35,"column":0},"end":{"line":35,"column":null}},"loc":{"start":{"line":35,"column":0},"end":{"line":35,"column":null}}}},"branchMap":{},"s":{"0":0,"1":0,"2":0,"3":0,"4":0,"5":0,"6":0},"f":{"0":0,"1":0,"2":0,"3":0,"4":0},"b":{}}
,"/home/florian/Documents/softozor/shopozor-manager-frontend/src/components/Products/Edit/Formats/FormatDescription/FormatDescriptionSizeUnit.vue": {"path":"/home/florian/Documents/softozor/shopozor-manager-frontend/src/components/Products/Edit/Formats/FormatDescription/FormatDescriptionSizeUnit.vue","statementMap":{"0":{"start":{"line":15,"column":0},"end":{"line":15,"column":null}},"1":{"start":{"line":16,"column":0},"end":{"line":16,"column":null}},"2":{"start":{"line":17,"column":0},"end":{"line":17,"column":null}},"3":{"start":{"line":30,"column":0},"end":{"line":30,"column":null}},"4":{"start":{"line":31,"column":0},"end":{"line":31,"column":null}},"5":{"start":{"line":37,"column":0},"end":{"line":37,"column":null}},"6":{"start":{"line":39,"column":0},"end":{"line":39,"column":null}},"7":{"start":{"line":40,"column":0},"end":{"line":40,"column":null}}},"fnMap":{"0":{"name":"size","decl":{"start":{"line":30,"column":0},"end":{"line":30,"column":null}},"loc":{"start":{"line":30,"column":0},"end":{"line":30,"column":null}}},"1":{"name":"sizeUnit","decl":{"start":{"line":31,"column":0},"end":{"line":31,"column":null}},"loc":{"start":{"line":31,"column":0},"end":{"line":31,"column":null}}},"2":{"name":"update","decl":{"start":{"line":36,"column":0},"end":{"line":36,"column":null}},"loc":{"start":{"line":36,"column":0},"end":{"line":38,"column":null}}},"3":{"name":"updateSize","decl":{"start":{"line":39,"column":0},"end":{"line":39,"column":null}},"loc":{"start":{"line":39,"column":0},"end":{"line":39,"column":null}}},"4":{"name":"updateSizeUnit","decl":{"start":{"line":40,"column":0},"end":{"line":40,"column":null}},"loc":{"start":{"line":40,"column":0},"end":{"line":40,"column":null}}}},"branchMap":{},"s":{"0":0,"1":0,"2":0,"3":0,"4":0,"5":0,"6":0,"7":0},"f":{"0":0,"1":0,"2":0,"3":0,"4":0},"b":{}}
,"/home/florian/Documents/softozor/shopozor-manager-frontend/src/components/Products/Edit/Formats/FormatDescription/FormatUISelect.vue": {"path":"/home/florian/Documents/softozor/shopozor-manager-frontend/src/components/Products/Edit/Formats/FormatDescription/FormatUISelect.vue","statementMap":{"0":{"start":{"line":16,"column":0},"end":{"line":16,"column":null}},"1":{"start":{"line":17,"column":0},"end":{"line":17,"column":null}},"2":{"start":{"line":18,"column":0},"end":{"line":18,"column":null}},"3":{"start":{"line":32,"column":0},"end":{"line":32,"column":null}},"4":{"start":{"line":35,"column":0},"end":{"line":35,"column":null}},"5":{"start":{"line":36,"column":0},"end":{"line":38,"column":null}},"6":{"start":{"line":37,"column":0},"end":{"line":37,"column":null}},"7":{"start":{"line":44,"column":0},"end":{"line":44,"column":null}}},"fnMap":{"0":{"name":"UI","decl":{"start":{"line":31,"column":0},"end":{"line":31,"column":null}},"loc":{"start":{"line":31,"column":0},"end":{"line":33,"column":null}}},"1":{"name":"options","decl":{"start":{"line":34,"column":0},"end":{"line":34,"column":null}},"loc":{"start":{"line":34,"column":0},"end":{"line":39,"column":null}}},"2":{"name":"(anonymous_3)","decl":{"start":{"line":36,"column":0},"end":{"line":36,"column":null}},"loc":{"start":{"line":36,"column":0},"end":{"line":38,"column":null}}},"3":{"name":"updateFormatUI","decl":{"start":{"line":43,"column":0},"end":{"line":43,"column":null}},"loc":{"start":{"line":43,"column":0},"end":{"line":48,"column":null}}}},"branchMap":{},"s":{"0":0,"1":0,"2":0,"3":0,"4":0,"5":0,"6":0,"7":0},"f":{"0":0,"1":0,"2":0,"3":0},"b":{}}
,"/home/florian/Documents/softozor/shopozor-manager-frontend/src/components/Products/Edit/Formats/FormatPrice/FormatPrice.vue": {"path":"/home/florian/Documents/softozor/shopozor-manager-frontend/src/components/Products/Edit/Formats/FormatPrice/FormatPrice.vue","statementMap":{"0":{"start":{"line":17,"column":0},"end":{"line":17,"column":null}},"1":{"start":{"line":18,"column":0},"end":{"line":18,"column":null}},"2":{"start":{"line":19,"column":0},"end":{"line":19,"column":null}},"3":{"start":{"line":20,"column":0},"end":{"line":20,"column":null}},"4":{"start":{"line":33,"column":0},"end":{"line":33,"column":null}},"5":{"start":{"line":34,"column":0},"end":{"line":34,"column":null}}},"fnMap":{"0":{"name":"autoPrice","decl":{"start":{"line":32,"column":0},"end":{"line":32,"column":null}},"loc":{"start":{"line":32,"column":0},"end":{"line":35,"column":null}}}},"branchMap":{},"s":{"0":0,"1":0,"2":0,"3":0,"4":0,"5":0},"f":{"0":0},"b":{}}
,"/home/florian/Documents/softozor/shopozor-manager-frontend/src/components/Products/Edit/Formats/FormatPrice/FormatPriceAuto.vue": {"path":"/home/florian/Documents/softozor/shopozor-manager-frontend/src/components/Products/Edit/Formats/FormatPrice/FormatPriceAuto.vue","statementMap":{"0":{"start":{"line":13,"column":0},"end":{"line":13,"column":null}},"1":{"start":{"line":14,"column":0},"end":{"line":14,"column":null}},"2":{"start":{"line":26,"column":0},"end":{"line":26,"column":null}},"3":{"start":{"line":32,"column":0},"end":{"line":32,"column":null}},"4":{"start":{"line":38,"column":0},"end":{"line":38,"column":null}},"5":{"start":{"line":44,"column":0},"end":{"line":44,"column":null}}},"fnMap":{"0":{"name":"_default","decl":{"start":{"line":25,"column":0},"end":{"line":25,"column":null}},"loc":{"start":{"line":25,"column":0},"end":{"line":27,"column":null}}},"1":{"name":"_default","decl":{"start":{"line":31,"column":0},"end":{"line":31,"column":null}},"loc":{"start":{"line":31,"column":0},"end":{"line":33,"column":null}}},"2":{"name":"_default","decl":{"start":{"line":37,"column":0},"end":{"line":37,"column":null}},"loc":{"start":{"line":37,"column":0},"end":{"line":39,"column":null}}},"3":{"name":"customerPrice","decl":{"start":{"line":44,"column":0},"end":{"line":44,"column":null}},"loc":{"start":{"line":44,"column":0},"end":{"line":44,"column":null}}}},"branchMap":{},"s":{"0":0,"1":0,"2":0,"3":0,"4":0,"5":0},"f":{"0":0,"1":0,"2":0,"3":0},"b":{}}
,"/home/florian/Documents/softozor/shopozor-manager-frontend/src/components/Products/Edit/Formats/FormatPrice/FormatPriceFree.vue": {"path":"/home/florian/Documents/softozor/shopozor-manager-frontend/src/components/Products/Edit/Formats/FormatPrice/FormatPriceFree.vue","statementMap":{"0":{"start":{"line":13,"column":0},"end":{"line":13,"column":null}},"1":{"start":{"line":14,"column":0},"end":{"line":14,"column":null}},"2":{"start":{"line":15,"column":0},"end":{"line":15,"column":null}},"3":{"start":{"line":28,"column":0},"end":{"line":28,"column":null}},"4":{"start":{"line":34,"column":0},"end":{"line":34,"column":null}},"5":{"start":{"line":40,"column":0},"end":{"line":40,"column":null}},"6":{"start":{"line":46,"column":0},"end":{"line":46,"column":null}},"7":{"start":{"line":51,"column":0},"end":{"line":51,"column":null}}},"fnMap":{"0":{"name":"_default","decl":{"start":{"line":27,"column":0},"end":{"line":27,"column":null}},"loc":{"start":{"line":27,"column":0},"end":{"line":29,"column":null}}},"1":{"name":"_default","decl":{"start":{"line":33,"column":0},"end":{"line":33,"column":null}},"loc":{"start":{"line":33,"column":0},"end":{"line":35,"column":null}}},"2":{"name":"_default","decl":{"start":{"line":39,"column":0},"end":{"line":39,"column":null}},"loc":{"start":{"line":39,"column":0},"end":{"line":41,"column":null}}},"3":{"name":"customerPrice","decl":{"start":{"line":46,"column":0},"end":{"line":46,"column":null}},"loc":{"start":{"line":46,"column":0},"end":{"line":46,"column":null}}},"4":{"name":"setCustomerPrice","decl":{"start":{"line":50,"column":0},"end":{"line":50,"column":null}},"loc":{"start":{"line":50,"column":0},"end":{"line":55,"column":null}}}},"branchMap":{},"s":{"0":0,"1":0,"2":0,"3":0,"4":0,"5":0,"6":0,"7":0},"f":{"0":0,"1":0,"2":0,"3":0,"4":0},"b":{}}
,"/home/florian/Documents/softozor/shopozor-manager-frontend/src/components/Products/Inventory/ProductInventoryCard.vue": {"path":"/home/florian/Documents/softozor/shopozor-manager-frontend/src/components/Products/Inventory/ProductInventoryCard.vue","statementMap":{"0":{"start":{"line":30,"column":0},"end":{"line":30,"column":null}},"1":{"start":{"line":31,"column":0},"end":{"line":31,"column":null}},"2":{"start":{"line":33,"column":0},"end":{"line":33,"column":null}},"3":{"start":{"line":34,"column":0},"end":{"line":34,"column":null}},"4":{"start":{"line":51,"column":0},"end":{"line":51,"column":null}},"5":{"start":{"line":54,"column":0},"end":{"line":54,"column":null}},"6":{"start":{"line":57,"column":0},"end":{"line":57,"column":null}},"7":{"start":{"line":60,"column":0},"end":{"line":60,"column":null}},"8":{"start":{"line":66,"column":0},"end":{"line":66,"column":null}},"9":{"start":{"line":69,"column":0},"end":{"line":69,"column":null}},"10":{"start":{"line":80,"column":0},"end":{"line":80,"column":null}},"11":{"start":{"line":81,"column":0},"end":{"line":81,"column":null}},"12":{"start":{"line":82,"column":0},"end":{"line":82,"column":null}},"13":{"start":{"line":91,"column":0},"end":{"line":91,"column":null}}},"fnMap":{"0":{"name":"product","decl":{"start":{"line":50,"column":0},"end":{"line":50,"column":null}},"loc":{"start":{"line":50,"column":0},"end":{"line":52,"column":null}}},"1":{"name":"image","decl":{"start":{"line":53,"column":0},"end":{"line":53,"column":null}},"loc":{"start":{"line":53,"column":0},"end":{"line":55,"column":null}}},"2":{"name":"summary","decl":{"start":{"line":56,"column":0},"end":{"line":56,"column":null}},"loc":{"start":{"line":56,"column":0},"end":{"line":64,"column":null}}},"3":{"name":"isVisible","decl":{"start":{"line":65,"column":0},"end":{"line":65,"column":null}},"loc":{"start":{"line":65,"column":0},"end":{"line":67,"column":null}}},"4":{"name":"isDeleted","decl":{"start":{"line":68,"column":0},"end":{"line":68,"column":null}},"loc":{"start":{"line":68,"column":0},"end":{"line":70,"column":null}}},"5":{"name":"edit","decl":{"start":{"line":79,"column":0},"end":{"line":79,"column":null}},"loc":{"start":{"line":79,"column":0},"end":{"line":83,"column":null}}},"6":{"name":"created","decl":{"start":{"line":90,"column":0},"end":{"line":90,"column":null}},"loc":{"start":{"line":90,"column":0},"end":{"line":92,"column":null}}}},"branchMap":{},"s":{"0":0,"1":0,"2":0,"3":0,"4":0,"5":0,"6":0,"7":0,"8":0,"9":0,"10":0,"11":0,"12":0,"13":0},"f":{"0":0,"1":0,"2":0,"3":0,"4":0,"5":0,"6":0},"b":{}}
,"/home/florian/Documents/softozor/shopozor-manager-frontend/src/components/Products/Inventory/ProductsInventoryView.vue": {"path":"/home/florian/Documents/softozor/shopozor-manager-frontend/src/components/Products/Inventory/ProductsInventoryView.vue","statementMap":{"0":{"start":{"line":24,"column":0},"end":{"line":24,"column":null}},"1":{"start":{"line":25,"column":0},"end":{"line":25,"column":null}},"2":{"start":{"line":42,"column":0},"end":{"line":42,"column":null}},"3":{"start":{"line":43,"column":0},"end":{"line":43,"column":null}},"4":{"start":{"line":46,"column":0},"end":{"line":46,"column":null}}},"fnMap":{"0":{"name":"newProduct","decl":{"start":{"line":41,"column":0},"end":{"line":41,"column":null}},"loc":{"start":{"line":41,"column":0},"end":{"line":44,"column":null}}},"1":{"name":"jumpToTrash","decl":{"start":{"line":45,"column":0},"end":{"line":45,"column":null}},"loc":{"start":{"line":45,"column":0},"end":{"line":47,"column":null}}}},"branchMap":{},"s":{"0":0,"1":0,"2":0,"3":0,"4":0},"f":{"0":0,"1":0},"b":{}}
,"/home/florian/Documents/softozor/shopozor-manager-frontend/src/components/Products/Trash/ProductTrashCard.vue": {"path":"/home/florian/Documents/softozor/shopozor-manager-frontend/src/components/Products/Trash/ProductTrashCard.vue","statementMap":{"0":{"start":{"line":15,"column":0},"end":{"line":15,"column":null}},"1":{"start":{"line":16,"column":0},"end":{"line":16,"column":null}},"2":{"start":{"line":17,"column":0},"end":{"line":17,"column":null}},"3":{"start":{"line":30,"column":0},"end":{"line":30,"column":null}},"4":{"start":{"line":33,"column":0},"end":{"line":33,"column":null}},"5":{"start":{"line":36,"column":0},"end":{"line":36,"column":null}},"6":{"start":{"line":42,"column":0},"end":{"line":42,"column":null}}},"fnMap":{"0":{"name":"product","decl":{"start":{"line":29,"column":0},"end":{"line":29,"column":null}},"loc":{"start":{"line":29,"column":0},"end":{"line":31,"column":null}}},"1":{"name":"image","decl":{"start":{"line":32,"column":0},"end":{"line":32,"column":null}},"loc":{"start":{"line":32,"column":0},"end":{"line":34,"column":null}}},"2":{"name":"isDeleted","decl":{"start":{"line":35,"column":0},"end":{"line":35,"column":null}},"loc":{"start":{"line":35,"column":0},"end":{"line":37,"column":null}}},"3":{"name":"restore","decl":{"start":{"line":41,"column":0},"end":{"line":41,"column":null}},"loc":{"start":{"line":41,"column":0},"end":{"line":46,"column":null}}}},"branchMap":{},"s":{"0":0,"1":0,"2":0,"3":0,"4":0,"5":0,"6":0},"f":{"0":0,"1":0,"2":0,"3":0},"b":{}}
,"/home/florian/Documents/softozor/shopozor-manager-frontend/src/components/Products/Trash/ProductsTrashView.vue": {"path":"/home/florian/Documents/softozor/shopozor-manager-frontend/src/components/Products/Trash/ProductsTrashView.vue","statementMap":{"0":{"start":{"line":21,"column":0},"end":{"line":21,"column":null}},"1":{"start":{"line":22,"column":0},"end":{"line":22,"column":null}},"2":{"start":{"line":37,"column":0},"end":{"line":37,"column":null}},"3":{"start":{"line":42,"column":0},"end":{"line":42,"column":null}}},"fnMap":{"0":{"name":"jumpToInventory","decl":{"start":{"line":36,"column":0},"end":{"line":36,"column":null}},"loc":{"start":{"line":36,"column":0},"end":{"line":38,"column":null}}},"1":{"name":"created","decl":{"start":{"line":41,"column":0},"end":{"line":41,"column":null}},"loc":{"start":{"line":41,"column":0},"end":{"line":43,"column":null}}}},"branchMap":{},"s":{"0":0,"1":0,"2":0,"3":0},"f":{"0":0,"1":0},"b":{}}
,"/home/florian/Documents/softozor/shopozor-manager-frontend/src/components/Units/UnitField.vue": {"path":"/home/florian/Documents/softozor/shopozor-manager-frontend/src/components/Units/UnitField.vue","statementMap":{"0":{"start":{"line":24,"column":0},"end":{"line":24,"column":null}},"1":{"start":{"line":25,"column":0},"end":{"line":25,"column":null}},"2":{"start":{"line":41,"column":0},"end":{"line":41,"column":null}},"3":{"start":{"line":47,"column":0},"end":{"line":47,"column":null}},"4":{"start":{"line":61,"column":0},"end":{"line":61,"column":null}},"5":{"start":{"line":67,"column":0},"end":{"line":67,"column":null}},"6":{"start":{"line":73,"column":0},"end":{"line":73,"column":null}},"7":{"start":{"line":79,"column":0},"end":{"line":79,"column":null}},"8":{"start":{"line":80,"column":0},"end":{"line":80,"column":null}},"9":{"start":{"line":81,"column":0},"end":{"line":84,"column":null}},"10":{"start":{"line":82,"column":0},"end":{"line":82,"column":null}},"11":{"start":{"line":83,"column":0},"end":{"line":83,"column":null}}},"fnMap":{"0":{"name":"_default","decl":{"start":{"line":40,"column":0},"end":{"line":40,"column":null}},"loc":{"start":{"line":40,"column":0},"end":{"line":42,"column":null}}},"1":{"name":"_default","decl":{"start":{"line":46,"column":0},"end":{"line":46,"column":null}},"loc":{"start":{"line":46,"column":0},"end":{"line":48,"column":null}}},"2":{"name":"_default","decl":{"start":{"line":60,"column":0},"end":{"line":60,"column":null}},"loc":{"start":{"line":60,"column":0},"end":{"line":62,"column":null}}},"3":{"name":"_default","decl":{"start":{"line":66,"column":0},"end":{"line":66,"column":null}},"loc":{"start":{"line":66,"column":0},"end":{"line":68,"column":null}}},"4":{"name":"_default","decl":{"start":{"line":72,"column":0},"end":{"line":72,"column":null}},"loc":{"start":{"line":72,"column":0},"end":{"line":74,"column":null}}},"5":{"name":"updateUnitAndValue","decl":{"start":{"line":78,"column":0},"end":{"line":78,"column":null}},"loc":{"start":{"line":78,"column":0},"end":{"line":85,"column":null}}}},"branchMap":{"0":{"loc":{"start":{"line":81,"column":0},"end":{"line":84,"column":null}},"type":"if","locations":[{"start":{"line":81,"column":0},"end":{"line":84,"column":null}},{"start":{"line":81,"column":0},"end":{"line":84,"column":null}}]},"1":{"loc":{"start":{"line":81,"column":0},"end":{"line":81,"column":null}},"type":"binary-expr","locations":[{"start":{"line":81,"column":0},"end":{"line":81,"column":null}},{"start":{"line":81,"column":0},"end":{"line":81,"column":null}}]}},"s":{"0":0,"1":0,"2":0,"3":0,"4":0,"5":0,"6":0,"7":0,"8":0,"9":0,"10":0,"11":0},"f":{"0":0,"1":0,"2":0,"3":0,"4":0,"5":0},"b":{"0":[0,0],"1":[0,0]}}
,"/home/florian/Documents/softozor/shopozor-manager-frontend/src/components/Units/UnitSelect.vue": {"path":"/home/florian/Documents/softozor/shopozor-manager-frontend/src/components/Units/UnitSelect.vue","statementMap":{"0":{"start":{"line":15,"column":0},"end":{"line":15,"column":null}},"1":{"start":{"line":31,"column":0},"end":{"line":31,"column":null}},"2":{"start":{"line":37,"column":0},"end":{"line":37,"column":null}},"3":{"start":{"line":43,"column":0},"end":{"line":43,"column":null}},"4":{"start":{"line":49,"column":0},"end":{"line":49,"column":null}},"5":{"start":{"line":55,"column":0},"end":{"line":55,"column":null}},"6":{"start":{"line":61,"column":0},"end":{"line":61,"column":null}}},"fnMap":{"0":{"name":"_default","decl":{"start":{"line":30,"column":0},"end":{"line":30,"column":null}},"loc":{"start":{"line":30,"column":0},"end":{"line":32,"column":null}}},"1":{"name":"_default","decl":{"start":{"line":36,"column":0},"end":{"line":36,"column":null}},"loc":{"start":{"line":36,"column":0},"end":{"line":38,"column":null}}},"2":{"name":"_default","decl":{"start":{"line":42,"column":0},"end":{"line":42,"column":null}},"loc":{"start":{"line":42,"column":0},"end":{"line":44,"column":null}}},"3":{"name":"_default","decl":{"start":{"line":48,"column":0},"end":{"line":48,"column":null}},"loc":{"start":{"line":48,"column":0},"end":{"line":50,"column":null}}},"4":{"name":"_default","decl":{"start":{"line":54,"column":0},"end":{"line":54,"column":null}},"loc":{"start":{"line":54,"column":0},"end":{"line":56,"column":null}}},"5":{"name":"options","decl":{"start":{"line":60,"column":0},"end":{"line":60,"column":null}},"loc":{"start":{"line":60,"column":0},"end":{"line":66,"column":null}}}},"branchMap":{},"s":{"0":0,"1":0,"2":0,"3":0,"4":0,"5":0,"6":0},"f":{"0":0,"1":0,"2":0,"3":0,"4":0,"5":0},"b":{}}
,"/home/florian/Documents/softozor/shopozor-manager-frontend/src/components/Units/UnitsHelpers.js": {"path":"/home/florian/Documents/softozor/shopozor-manager-frontend/src/components/Units/UnitsHelpers.js","statementMap":{"0":{"start":{"line":3,"column":23},"end":{"line":9,"column":1}},"1":{"start":{"line":4,"column":2},"end":{"line":8,"column":3}},"2":{"start":{"line":5,"column":4},"end":{"line":5,"column":60}},"3":{"start":{"line":7,"column":4},"end":{"line":7,"column":92}},"4":{"start":{"line":11,"column":29},"end":{"line":13,"column":1}},"5":{"start":{"line":12,"column":2},"end":{"line":12,"column":103}},"6":{"start":{"line":15,"column":23},"end":{"line":22,"column":1}},"7":{"start":{"line":16,"column":2},"end":{"line":21,"column":3}},"8":{"start":{"line":17,"column":16},"end":{"line":17,"column":67}},"9":{"start":{"line":18,"column":20},"end":{"line":18,"column":81}},"10":{"start":{"line":19,"column":23},"end":{"line":19,"column":87}},"11":{"start":{"line":20,"column":13},"end":{"line":20,"column":122}},"12":{"start":{"line":24,"column":19},"end":{"line":31,"column":1}},"13":{"start":{"line":25,"column":2},"end":{"line":30,"column":4}},"14":{"start":{"line":28,"column":6},"end":{"line":28,"column":50}},"15":{"start":{"line":33,"column":23},"end":{"line":49,"column":1}},"16":{"start":{"line":34,"column":2},"end":{"line":48,"column":4}},"17":{"start":{"line":38,"column":6},"end":{"line":46,"column":7}},"18":{"start":{"line":39,"column":8},"end":{"line":39,"column":50}},"19":{"start":{"line":40,"column":8},"end":{"line":40,"column":47}},"20":{"start":{"line":41,"column":8},"end":{"line":41,"column":55}},"21":{"start":{"line":43,"column":8},"end":{"line":43,"column":43}},"22":{"start":{"line":44,"column":8},"end":{"line":44,"column":47}},"23":{"start":{"line":45,"column":8},"end":{"line":45,"column":52}},"24":{"start":{"line":51,"column":26},"end":{"line":59,"column":1}},"25":{"start":{"line":52,"column":2},"end":{"line":58,"column":4}},"26":{"start":{"line":56,"column":6},"end":{"line":56,"column":124}},"27":{"start":{"line":56,"column":80},"end":{"line":56,"column":124}},"28":{"start":{"line":61,"column":24},"end":{"line":82,"column":1}},"29":{"start":{"line":62,"column":33},"end":{"line":62,"column":35}},"30":{"start":{"line":63,"column":2},"end":{"line":80,"column":4}},"31":{"start":{"line":64,"column":4},"end":{"line":79,"column":6}},"32":{"start":{"line":65,"column":23},"end":{"line":65,"column":61}},"33":{"start":{"line":66,"column":6},"end":{"line":78,"column":7}},"34":{"start":{"line":67,"column":32},"end":{"line":70,"column":9}},"35":{"start":{"line":71,"column":8},"end":{"line":77,"column":10}},"36":{"start":{"line":81,"column":2},"end":{"line":81,"column":31}},"37":{"start":{"line":84,"column":34},"end":{"line":84,"column":125}},"38":{"start":{"line":84,"column":56},"end":{"line":84,"column":125}},"39":{"start":{"line":86,"column":24},"end":{"line":88,"column":1}},"40":{"start":{"line":87,"column":2},"end":{"line":87,"column":65}},"41":{"start":{"line":90,"column":27},"end":{"line":97,"column":1}},"42":{"start":{"line":91,"column":2},"end":{"line":96,"column":3}},"43":{"start":{"line":92,"column":19},"end":{"line":92,"column":51}},"44":{"start":{"line":93,"column":17},"end":{"line":93,"column":48}},"45":{"start":{"line":94,"column":19},"end":{"line":94,"column":55}},"46":{"start":{"line":95,"column":13},"end":{"line":95,"column":49}},"47":{"start":{"line":99,"column":28},"end":{"line":104,"column":1}},"48":{"start":{"line":100,"column":21},"end":{"line":100,"column":64}},"49":{"start":{"line":101,"column":2},"end":{"line":103,"column":4}},"50":{"start":{"line":102,"column":4},"end":{"line":102,"column":60}},"51":{"start":{"line":106,"column":31},"end":{"line":113,"column":1}},"52":{"start":{"line":107,"column":2},"end":{"line":112,"column":4}},"53":{"start":{"line":108,"column":4},"end":{"line":111,"column":6}},"54":{"start":{"line":109,"column":23},"end":{"line":109,"column":61}},"55":{"start":{"line":110,"column":6},"end":{"line":110,"column":62}},"56":{"start":{"line":115,"column":29},"end":{"line":115,"column":58}},"57":{"start":{"line":117,"column":36},"end":{"line":119,"column":1}},"58":{"start":{"line":118,"column":2},"end":{"line":118,"column":63}}},"fnMap":{"0":{"name":"(anonymous_0)","decl":{"start":{"line":3,"column":23},"end":{"line":3,"column":24}},"loc":{"start":{"line":3,"column":63},"end":{"line":9,"column":1}},"line":3},"1":{"name":"(anonymous_1)","decl":{"start":{"line":11,"column":29},"end":{"line":11,"column":30}},"loc":{"start":{"line":11,"column":69},"end":{"line":13,"column":1}},"line":11},"2":{"name":"(anonymous_2)","decl":{"start":{"line":15,"column":23},"end":{"line":15,"column":24}},"loc":{"start":{"line":15,"column":75},"end":{"line":22,"column":1}},"line":15},"3":{"name":"(anonymous_3)","decl":{"start":{"line":24,"column":19},"end":{"line":24,"column":20}},"loc":{"start":{"line":24,"column":57},"end":{"line":31,"column":1}},"line":24},"4":{"name":"(anonymous_4)","decl":{"start":{"line":27,"column":24},"end":{"line":27,"column":25}},"loc":{"start":{"line":27,"column":73},"end":{"line":29,"column":5}},"line":27},"5":{"name":"(anonymous_5)","decl":{"start":{"line":33,"column":23},"end":{"line":33,"column":24}},"loc":{"start":{"line":33,"column":67},"end":{"line":49,"column":1}},"line":33},"6":{"name":"(anonymous_6)","decl":{"start":{"line":37,"column":24},"end":{"line":37,"column":25}},"loc":{"start":{"line":37,"column":113},"end":{"line":47,"column":5}},"line":37},"7":{"name":"(anonymous_7)","decl":{"start":{"line":51,"column":26},"end":{"line":51,"column":27}},"loc":{"start":{"line":51,"column":70},"end":{"line":59,"column":1}},"line":51},"8":{"name":"(anonymous_8)","decl":{"start":{"line":55,"column":24},"end":{"line":55,"column":25}},"loc":{"start":{"line":55,"column":113},"end":{"line":57,"column":5}},"line":55},"9":{"name":"(anonymous_9)","decl":{"start":{"line":61,"column":24},"end":{"line":61,"column":25}},"loc":{"start":{"line":61,"column":88},"end":{"line":82,"column":1}},"line":61},"10":{"name":"(anonymous_10)","decl":{"start":{"line":63,"column":20},"end":{"line":63,"column":21}},"loc":{"start":{"line":63,"column":36},"end":{"line":80,"column":3}},"line":63},"11":{"name":"(anonymous_11)","decl":{"start":{"line":64,"column":52},"end":{"line":64,"column":53}},"loc":{"start":{"line":64,"column":62},"end":{"line":79,"column":5}},"line":64},"12":{"name":"(anonymous_12)","decl":{"start":{"line":84,"column":34},"end":{"line":84,"column":35}},"loc":{"start":{"line":84,"column":56},"end":{"line":84,"column":125}},"line":84},"13":{"name":"(anonymous_13)","decl":{"start":{"line":86,"column":24},"end":{"line":86,"column":25}},"loc":{"start":{"line":86,"column":38},"end":{"line":88,"column":1}},"line":86},"14":{"name":"(anonymous_14)","decl":{"start":{"line":90,"column":27},"end":{"line":90,"column":28}},"loc":{"start":{"line":90,"column":49},"end":{"line":97,"column":1}},"line":90},"15":{"name":"(anonymous_15)","decl":{"start":{"line":99,"column":28},"end":{"line":99,"column":29}},"loc":{"start":{"line":99,"column":42},"end":{"line":104,"column":1}},"line":99},"16":{"name":"(anonymous_16)","decl":{"start":{"line":101,"column":40},"end":{"line":101,"column":41}},"loc":{"start":{"line":101,"column":52},"end":{"line":103,"column":3}},"line":101},"17":{"name":"(anonymous_17)","decl":{"start":{"line":106,"column":31},"end":{"line":106,"column":32}},"loc":{"start":{"line":106,"column":45},"end":{"line":113,"column":1}},"line":106},"18":{"name":"(anonymous_18)","decl":{"start":{"line":107,"column":28},"end":{"line":107,"column":29}},"loc":{"start":{"line":107,"column":44},"end":{"line":112,"column":3}},"line":107},"19":{"name":"(anonymous_19)","decl":{"start":{"line":108,"column":60},"end":{"line":108,"column":61}},"loc":{"start":{"line":108,"column":70},"end":{"line":111,"column":5}},"line":108},"20":{"name":"(anonymous_20)","decl":{"start":{"line":117,"column":36},"end":{"line":117,"column":37}},"loc":{"start":{"line":117,"column":46},"end":{"line":119,"column":1}},"line":117}},"branchMap":{"0":{"loc":{"start":{"line":4,"column":2},"end":{"line":8,"column":3}},"type":"if","locations":[{"start":{"line":4,"column":2},"end":{"line":8,"column":3}},{"start":{"line":4,"column":2},"end":{"line":8,"column":3}}],"line":4},"1":{"loc":{"start":{"line":16,"column":2},"end":{"line":21,"column":3}},"type":"switch","locations":[{"start":{"line":17,"column":4},"end":{"line":17,"column":67}},{"start":{"line":18,"column":4},"end":{"line":18,"column":81}},{"start":{"line":19,"column":4},"end":{"line":19,"column":87}},{"start":{"line":20,"column":4},"end":{"line":20,"column":122}}],"line":16},"2":{"loc":{"start":{"line":38,"column":6},"end":{"line":46,"column":7}},"type":"if","locations":[{"start":{"line":38,"column":6},"end":{"line":46,"column":7}},{"start":{"line":38,"column":6},"end":{"line":46,"column":7}}],"line":38},"3":{"loc":{"start":{"line":56,"column":6},"end":{"line":56,"column":124}},"type":"if","locations":[{"start":{"line":56,"column":6},"end":{"line":56,"column":124}},{"start":{"line":56,"column":6},"end":{"line":56,"column":124}}],"line":56},"4":{"loc":{"start":{"line":66,"column":6},"end":{"line":78,"column":7}},"type":"if","locations":[{"start":{"line":66,"column":6},"end":{"line":78,"column":7}},{"start":{"line":66,"column":6},"end":{"line":78,"column":7}}],"line":66},"5":{"loc":{"start":{"line":66,"column":10},"end":{"line":66,"column":78}},"type":"binary-expr","locations":[{"start":{"line":66,"column":10},"end":{"line":66,"column":38}},{"start":{"line":66,"column":42},"end":{"line":66,"column":78}}],"line":66},"6":{"loc":{"start":{"line":91,"column":2},"end":{"line":96,"column":3}},"type":"switch","locations":[{"start":{"line":92,"column":4},"end":{"line":92,"column":51}},{"start":{"line":93,"column":4},"end":{"line":93,"column":48}},{"start":{"line":94,"column":4},"end":{"line":94,"column":55}},{"start":{"line":95,"column":4},"end":{"line":95,"column":49}}],"line":91},"7":{"loc":{"start":{"line":102,"column":11},"end":{"line":102,"column":60}},"type":"binary-expr","locations":[{"start":{"line":102,"column":11},"end":{"line":102,"column":33}},{"start":{"line":102,"column":37},"end":{"line":102,"column":60}}],"line":102},"8":{"loc":{"start":{"line":110,"column":13},"end":{"line":110,"column":62}},"type":"binary-expr","locations":[{"start":{"line":110,"column":13},"end":{"line":110,"column":36}},{"start":{"line":110,"column":40},"end":{"line":110,"column":62}}],"line":110}},"s":{"0":0,"1":0,"2":0,"3":0,"4":0,"5":0,"6":0,"7":0,"8":0,"9":0,"10":0,"11":0,"12":0,"13":0,"14":0,"15":0,"16":0,"17":0,"18":0,"19":0,"20":0,"21":0,"22":0,"23":0,"24":0,"25":0,"26":0,"27":0,"28":0,"29":0,"30":0,"31":0,"32":0,"33":0,"34":0,"35":0,"36":0,"37":0,"38":0,"39":0,"40":0,"41":0,"42":0,"43":0,"44":0,"45":0,"46":0,"47":0,"48":0,"49":0,"50":0,"51":0,"52":0,"53":0,"54":0,"55":0,"56":0,"57":0,"58":0},"f":{"0":0,"1":0,"2":0,"3":0,"4":0,"5":0,"6":0,"7":0,"8":0,"9":0,"10":0,"11":0,"12":0,"13":0,"14":0,"15":0,"16":0,"17":0,"18":0,"19":0,"20":0},"b":{"0":[0,0],"1":[0,0,0,0],"2":[0,0],"3":[0,0],"4":[0,0],"5":[0,0],"6":[0,0,0,0],"7":[0,0],"8":[0,0]}}
,"/home/florian/Documents/softozor/shopozor-manager-frontend/src/layouts/layout.vue": {"path":"/home/florian/Documents/softozor/shopozor-manager-frontend/src/layouts/layout.vue","statementMap":{"0":{"start":{"line":13,"column":0},"end":{"line":13,"column":null}},"1":{"start":{"line":14,"column":0},"end":{"line":14,"column":null}},"2":{"start":{"line":15,"column":0},"end":{"line":15,"column":null}},"3":{"start":{"line":20,"column":0},"end":{"line":20,"column":null}}},"fnMap":{"0":{"name":"data","decl":{"start":{"line":19,"column":0},"end":{"line":19,"column":null}},"loc":{"start":{"line":19,"column":0},"end":{"line":24,"column":null}}}},"branchMap":{},"s":{"0":0,"1":0,"2":0,"3":0},"f":{"0":0},"b":{}}
[...]
art":{"line":20,"column":4},"end":{"line":20,"column":16}},"16":{"start":{"line":23,"column":36},"end":{"line":27,"column":1}},"17":{"start":{"line":24,"column":2},"end":{"line":26,"column":4}},"18":{"start":{"line":25,"column":4},"end":{"line":25,"column":75}},"19":{"start":{"line":29,"column":29},"end":{"line":29,"column":57}},"20":{"start":{"line":29,"column":38},"end":{"line":29,"column":57}},"21":{"start":{"line":30,"column":34},"end":{"line":34,"column":1}},"22":{"start":{"line":31,"column":16},"end":{"line":31,"column":41}},"23":{"start":{"line":32,"column":2},"end":{"line":33,"column":22}},"24":{"start":{"line":32,"column":13},"end":{"line":32,"column":25}},"25":{"start":{"line":33,"column":7},"end":{"line":33,"column":22}},"26":{"start":{"line":35,"column":34},"end":{"line":35,"column":68}},"27":{"start":{"line":35,"column":43},"end":{"line":35,"column":68}},"28":{"start":{"line":36,"column":40},"end":{"line":36,"column":80}},"29":{"start":{"line":36,"column":49},"end":{"line":36,"column":80}},"30":{"start":{"line":37,"column":39},"end":{"line":37,"column":78}},"31":{"start":{"line":37,"column":48},"end":{"line":37,"column":78}},"32":{"start":{"line":38,"column":47},"end":{"line":38,"column":94}},"33":{"start":{"line":38,"column":56},"end":{"line":38,"column":94}},"34":{"start":{"line":39,"column":45},"end":{"line":39,"column":90}},"35":{"start":{"line":39,"column":54},"end":{"line":39,"column":90}},"36":{"start":{"line":40,"column":44},"end":{"line":40,"column":88}},"37":{"start":{"line":40,"column":53},"end":{"line":40,"column":88}},"38":{"start":{"line":41,"column":49},"end":{"line":41,"column":98}},"39":{"start":{"line":41,"column":58},"end":{"line":41,"column":98}},"40":{"start":{"line":42,"column":40},"end":{"line":42,"column":88}},"41":{"start":{"line":42,"column":49},"end":{"line":42,"column":88}}},"fnMap":{"0":{"name":"(anonymous_0)","decl":{"start":{"line":4,"column":24},"end":{"line":4,"column":25}},"loc":{"start":{"line":4,"column":33},"end":{"line":4,"column":47}},"line":4},"1":{"name":"(anonymous_1)","decl":{"start":{"line":6,"column":35},"end":{"line":6,"column":36}},"loc":{"start":{"line":6,"column":44},"end":{"line":13,"column":1}},"line":6},"2":{"name":"(anonymous_2)","decl":{"start":{"line":8,"column":40},"end":{"line":8,"column":41}},"loc":{"start":{"line":8,"column":66},"end":{"line":12,"column":3}},"line":8},"3":{"name":"(anonymous_3)","decl":{"start":{"line":15,"column":31},"end":{"line":15,"column":32}},"loc":{"start":{"line":15,"column":40},"end":{"line":22,"column":1}},"line":15},"4":{"name":"(anonymous_4)","decl":{"start":{"line":17,"column":40},"end":{"line":17,"column":41}},"loc":{"start":{"line":17,"column":62},"end":{"line":21,"column":3}},"line":17},"5":{"name":"(anonymous_5)","decl":{"start":{"line":23,"column":36},"end":{"line":23,"column":37}},"loc":{"start":{"line":23,"column":45},"end":{"line":27,"column":1}},"line":23},"6":{"name":"(anonymous_6)","decl":{"start":{"line":24,"column":45},"end":{"line":24,"column":46}},"loc":{"start":{"line":24,"column":58},"end":{"line":26,"column":3}},"line":24},"7":{"name":"(anonymous_7)","decl":{"start":{"line":29,"column":29},"end":{"line":29,"column":30}},"loc":{"start":{"line":29,"column":38},"end":{"line":29,"column":57}},"line":29},"8":{"name":"(anonymous_8)","decl":{"start":{"line":30,"column":34},"end":{"line":30,"column":35}},"loc":{"start":{"line":30,"column":43},"end":{"line":34,"column":1}},"line":30},"9":{"name":"(anonymous_9)","decl":{"start":{"line":35,"column":34},"end":{"line":35,"column":35}},"loc":{"start":{"line":35,"column":43},"end":{"line":35,"column":68}},"line":35},"10":{"name":"(anonymous_10)","decl":{"start":{"line":36,"column":40},"end":{"line":36,"column":41}},"loc":{"start":{"line":36,"column":49},"end":{"line":36,"column":80}},"line":36},"11":{"name":"(anonymous_11)","decl":{"start":{"line":37,"column":39},"end":{"line":37,"column":40}},"loc":{"start":{"line":37,"column":48},"end":{"line":37,"column":78}},"line":37},"12":{"name":"(anonymous_12)","decl":{"start":{"line":38,"column":47},"end":{"line":38,"column":48}},"loc":{"start":{"line":38,"column":56},"end":{"line":38,"column":94}},"line":38},"13":{"name":"(anonymous_13)","decl":{"start":{"line":39,"column":45},"end":{"line":39,"column":46}},"loc":{"start":{"line":39,"column":54},"end":{"line":39,"column":90}},"line":39},"14":{"name":"(anonymous_14)","decl":{"start":{"line":40,"column":44},"end":{"line":40,"column":45}},"loc":{"start":{"line":40,"column":53},"end":{"line":40,"column":88}},"line":40},"15":{"name":"(anonymous_15)","decl":{"start":{"line":41,"column":49},"end":{"line":41,"column":50}},"loc":{"start":{"line":41,"column":58},"end":{"line":41,"column":98}},"line":41},"16":{"name":"(anonymous_16)","decl":{"start":{"line":42,"column":40},"end":{"line":42,"column":41}},"loc":{"start":{"line":42,"column":49},"end":{"line":42,"column":88}},"line":42}},"branchMap":{"0":{"loc":{"start":{"line":10,"column":4},"end":{"line":10,"column":84}},"type":"if","locations":[{"start":{"line":10,"column":4},"end":{"line":10,"column":84}},{"start":{"line":10,"column":4},"end":{"line":10,"column":84}}],"line":10},"1":{"loc":{"start":{"line":19,"column":4},"end":{"line":19,"column":80}},"type":"if","locations":[{"start":{"line":19,"column":4},"end":{"line":19,"column":80}},{"start":{"line":19,"column":4},"end":{"line":19,"column":80}}],"line":19},"2":{"loc":{"start":{"line":32,"column":2},"end":{"line":33,"column":22}},"type":"if","locations":[{"start":{"line":32,"column":2},"end":{"line":33,"column":22}},{"start":{"line":32,"column":2},"end":{"line":33,"column":22}}],"line":32}},"s":{"0":0,"1":0,"2":0,"3":0,"4":0,"5":0,"6":0,"7":0,"8":0,"9":0,"10":0,"11":0,"12":0,"13":0,"14":0,"15":0,"16":0,"17":0,"18":0,"19":0,"20":0,"21":0,"22":0,"23":0,"24":0,"25":0,"26":0,"27":0,"28":0,"29":0,"30":0,"31":0,"32":0,"33":0,"34":0,"35":0,"36":0,"37":0,"38":0,"39":0,"40":0,"41":0},"f":{"0":0,"1":0,"2":0,"3":0,"4":0,"5":0,"6":0,"7":0,"8":0,"9":0,"10":0,"11":0,"12":0,"13":0,"14":0,"15":0,"16":0},"b":{"0":[0,0],"1":[0,0],"2":[0,0]}}
,"/home/florian/Documents/softozor/shopozor-manager-frontend/src/store/modules/products/index.js": {"path":"/home/florian/Documents/softozor/shopozor-manager-frontend/src/store/modules/products/index.js","statementMap":{},"fnMap":{},"branchMap":{},"s":{},"f":{},"b":{}}
,"/home/florian/Documents/softozor/shopozor-manager-frontend/src/store/modules/products/mutations.js": {"path":"/home/florian/Documents/softozor/shopozor-manager-frontend/src/store/modules/products/mutations.js","statementMap":{"0":{"start":{"line":1,"column":29},"end":{"line":1,"column":79}},"1":{"start":{"line":1,"column":52},"end":{"line":1,"column":77}},"2":{"start":{"line":2,"column":31},"end":{"line":2,"column":87}},"3":{"start":{"line":2,"column":56},"end":{"line":2,"column":85}},"4":{"start":{"line":3,"column":32},"end":{"line":3,"column":123}},"5":{"start":{"line":3,"column":54},"end":{"line":3,"column":121}},"6":{"start":{"line":4,"column":35},"end":{"line":8,"column":1}},"7":{"start":{"line":5,"column":2},"end":{"line":7,"column":4}},"8":{"start":{"line":6,"column":4},"end":{"line":6,"column":44}}},"fnMap":{"0":{"name":"(anonymous_0)","decl":{"start":{"line":1,"column":29},"end":{"line":1,"column":30}},"loc":{"start":{"line":1,"column":50},"end":{"line":1,"column":79}},"line":1},"1":{"name":"(anonymous_1)","decl":{"start":{"line":2,"column":31},"end":{"line":2,"column":32}},"loc":{"start":{"line":2,"column":54},"end":{"line":2,"column":87}},"line":2},"2":{"name":"(anonymous_2)","decl":{"start":{"line":3,"column":32},"end":{"line":3,"column":33}},"loc":{"start":{"line":3,"column":52},"end":{"line":3,"column":123}},"line":3},"3":{"name":"(anonymous_3)","decl":{"start":{"line":4,"column":35},"end":{"line":4,"column":36}},"loc":{"start":{"line":4,"column":56},"end":{"line":8,"column":1}},"line":4},"4":{"name":"(anonymous_4)","decl":{"start":{"line":5,"column":35},"end":{"line":5,"column":36}},"loc":{"start":{"line":5,"column":44},"end":{"line":7,"column":3}},"line":5}},"branchMap":{},"s":{"0":0,"1":0,"2":0,"3":0,"4":0,"5":0,"6":0,"7":0,"8":0},"f":{"0":0,"1":0,"2":0,"3":0,"4":0},"b":{}}
,"/home/florian/Documents/softozor/shopozor-manager-frontend/src/store/modules/products/state.js": {"path":"/home/florian/Documents/softozor/shopozor-manager-frontend/src/store/modules/products/state.js","statementMap":{},"fnMap":{},"branchMap":{},"s":{},"f":{},"b":{}}
,"/home/florian/Documents/softozor/shopozor-manager-frontend/src/store/modules/users/actions.js": {"path":"/home/florian/Documents/softozor/shopozor-manager-frontend/src/store/modules/users/actions.js","statementMap":{"0":{"start":{"line":9,"column":2},"end":{"line":9,"column":87}},"1":{"start":{"line":10,"column":2},"end":{"line":10,"column":90}},"2":{"start":{"line":11,"column":2},"end":{"line":11,"column":87}},"3":{"start":{"line":15,"column":2},"end":{"line":15,"column":47}},"4":{"start":{"line":16,"column":2},"end":{"line":16,"column":49}},"5":{"start":{"line":17,"column":2},"end":{"line":17,"column":87}},"6":{"start":{"line":21,"column":2},"end":{"line":21,"column":47}},"7":{"start":{"line":22,"column":2},"end":{"line":22,"column":49}},"8":{"start":{"line":23,"column":2},"end":{"line":23,"column":47}},"9":{"start":{"line":27,"column":22},"end":{"line":27,"column":73}},"10":{"start":{"line":27,"column":53},"end":{"line":27,"column":72}},"11":{"start":{"line":28,"column":2},"end":{"line":30,"column":3}},"12":{"start":{"line":28,"column":38},"end":{"line":28,"column":84}},"13":{"start":{"line":29,"column":4},"end":{"line":29,"column":55}},"14":{"start":{"line":31,"column":2},"end":{"line":31,"column":20}},"15":{"start":{"line":44,"column":2},"end":{"line":76,"column":4}},"16":{"start":{"line":45,"column":4},"end":{"line":75,"column":8}},"17":{"start":{"line":54,"column":24},"end":{"line":54,"column":43}},"18":{"start":{"line":55,"column":23},"end":{"line":55,"column":37}},"19":{"start":{"line":56,"column":8},"end":{"line":70,"column":9}},"20":{"start":{"line":57,"column":10},"end":{"line":57,"column":33}},"21":{"start":{"line":58,"column":10},"end":{"line":58,"column":24}},"22":{"start":{"line":60,"column":24},"end":{"line":60,"column":37}},"23":{"start":{"line":61,"column":25},"end":{"line":61,"column":40}},"24":{"start":{"line":62,"column":10},"end":{"line":67,"column":12}},"25":{"start":{"line":68,"column":10},"end":{"line":68,"column":82}},"26":{"start":{"line":69,"column":10},"end":{"line":69,"column":27}},"27":{"start":{"line":73,"column":8},"end":{"line":73,"column":30}},"28":{"start":{"line":74,"column":8},"end":{"line":74,"column":21}},"29":{"start":{"line":96,"column":16},"end":{"line":96,"column":61}},"30":{"start":{"line":97,"column":17},"end":{"line":97,"column":64}},"31":{"start":{"line":98,"column":16},"end":{"line":98,"column":61}},"32":{"start":{"line":99,"column":2},"end":{"line":109,"column":3}},"33":{"start":{"line":100,"column":4},"end":{"line":105,"column":6}},"34":{"start":{"line":107,"column":4},"end":{"line":107,"column":20}},"35":{"start":{"line":108,"column":4},"end":{"line":108,"column":17}},"36":{"start":{"line":113,"column":2},"end":{"line":119,"column":4}},"37":{"start":{"line":114,"column":4},"end":{"line":118,"column":12}},"38":{"start":{"line":115,"column":6},"end":{"line":115,"column":22}},"39":{"start":{"line":116,"column":6},"end":{"line":116,"column":19}},"40":{"start":{"line":117,"column":6},"end":{"line":117,"column":15}}},"fnMap":{"0":{"name":"saveUser","decl":{"start":{"line":8,"column":9},"end":{"line":8,"column":17}},"loc":{"start":{"line":8,"column":45},"end":{"line":12,"column":1}},"line":8},"1":{"name":"saveToken","decl":{"start":{"line":14,"column":9},"end":{"line":14,"column":18}},"loc":{"start":{"line":14,"column":31},"end":{"line":18,"column":1}},"line":14},"2":{"name":"removeToken","decl":{"start":{"line":20,"column":9},"end":{"line":20,"column":20}},"loc":{"start":{"line":20,"column":24},"end":{"line":24,"column":1}},"line":20},"3":{"name":"adaptPermissions","decl":{"start":{"line":26,"column":9},"end":{"line":26,"column":25}},"loc":{"start":{"line":26,"column":37},"end":{"line":32,"column":1}},"line":26},"4":{"name":"(anonymous_4)","decl":{"start":{"line":27,"column":35},"end":{"line":27,"column":36}},"loc":{"start":{"line":27,"column":53},"end":{"line":27,"column":72}},"line":27},"5":{"name":"(anonymous_5)","decl":{"start":{"line":28,"column":24},"end":{"line":28,"column":25}},"loc":{"start":{"line":28,"column":38},"end":{"line":28,"column":84}},"line":28},"6":{"name":"signup","decl":{"start":{"line":34,"column":16},"end":{"line":34,"column":22}},"loc":{"start":{"line":34,"column":57},"end":{"line":41,"column":1}},"line":34},"7":{"name":"login","decl":{"start":{"line":43,"column":16},"end":{"line":43,"column":21}},"loc":{"start":{"line":43,"column":70},"end":{"line":77,"column":1}},"line":43},"8":{"name":"(anonymous_8)","decl":{"start":{"line":44,"column":21},"end":{"line":44,"column":22}},"loc":{"start":{"line":44,"column":42},"end":{"line":76,"column":3}},"line":44},"9":{"name":"(anonymous_9)","decl":{"start":{"line":53,"column":12},"end":{"line":53,"column":13}},"loc":{"start":{"line":53,"column":24},"end":{"line":71,"column":7}},"line":53},"10":{"name":"(anonymous_10)","decl":{"start":{"line":72,"column":13},"end":{"line":72,"column":14}},"loc":{"start":{"line":72,"column":22},"end":{"line":75,"column":7}},"line":72},"11":{"name":"getPermissions","decl":{"start":{"line":79,"column":16},"end":{"line":79,"column":30}},"loc":{"start":{"line":79,"column":44},"end":{"line":110,"column":1}},"line":79},"12":{"name":"logout","decl":{"start":{"line":112,"column":16},"end":{"line":112,"column":22}},"loc":{"start":{"line":112,"column":36},"end":{"line":120,"column":1}},"line":112},"13":{"name":"(anonymous_13)","decl":{"start":{"line":113,"column":21},"end":{"line":113,"column":22}},"loc":{"start":{"line":113,"column":42},"end":{"line":119,"column":3}},"line":113},"14":{"name":"(anonymous_14)","decl":{"start":{"line":114,"column":15},"end":{"line":114,"column":16}},"loc":{"start":{"line":114,"column":21},"end":{"line":118,"column":5}},"line":114}},"branchMap":{"0":{"loc":{"start":{"line":28,"column":2},"end":{"line":30,"column":3}},"type":"if","locations":[{"start":{"line":28,"column":2},"end":{"line":30,"column":3}},{"start":{"line":28,"column":2},"end":{"line":30,"column":3}}],"line":28},"1":{"loc":{"start":{"line":56,"column":8},"end":{"line":70,"column":9}},"type":"if","locations":[{"start":{"line":56,"column":8},"end":{"line":70,"column":9}},{"start":{"line":56,"column":8},"end":{"line":70,"column":9}}],"line":56},"2":{"loc":{"start":{"line":68,"column":10},"end":{"line":68,"column":82}},"type":"cond-expr","locations":[{"start":{"line":68,"column":25},"end":{"line":68,"column":59}},{"start":{"line":68,"column":62},"end":{"line":68,"column":82}}],"line":68},"3":{"loc":{"start":{"line":99,"column":2},"end":{"line":109,"column":3}},"type":"if","locations":[{"start":{"line":99,"column":2},"end":{"line":109,"column":3}},{"start":{"line":99,"column":2},"end":{"line":109,"column":3}}],"line":99},"4":{"loc":{"start":{"line":99,"column":6},"end":{"line":99,"column":30}},"type":"binary-expr","locations":[{"start":{"line":99,"column":6},"end":{"line":99,"column":11}},{"start":{"line":99,"column":15},"end":{"line":99,"column":21}},{"start":{"line":99,"column":25},"end":{"line":99,"column":30}}],"line":99}},"s":{"0":0,"1":0,"2":0,"3":0,"4":0,"5":0,"6":0,"7":0,"8":0,"9":0,"10":0,"11":0,"12":0,"13":0,"14":0,"15":0,"16":0,"17":0,"18":0,"19":0,"20":0,"21":0,"22":0,"23":0,"24":0,"25":0,"26":0,"27":0,"28":0,"29":0,"30":0,"31":0,"32":0,"33":0,"34":0,"35":0,"36":0,"37":0,"38":0,"39":0,"40":0},"f":{"0":0,"1":0,"2":0,"3":0,"4":0,"5":0,"6":0,"7":0,"8":0,"9":0,"10":0,"11":0,"12":0,"13":0,"14":0},"b":{"0":[0,0],"1":[0,0],"2":[0,0],"3":[0,0],"4":[0,0,0]}}
,"/home/florian/Documents/softozor/shopozor-manager-frontend/src/store/modules/users/getters.js": {"path":"/home/florian/Documents/softozor/shopozor-manager-frontend/src/store/modules/users/getters.js","statementMap":{"0":{"start":{"line":3,"column":27},"end":{"line":3,"column":53}},"1":{"start":{"line":3,"column":36},"end":{"line":3,"column":53}},"2":{"start":{"line":4,"column":22},"end":{"line":4,"column":43}},"3":{"start":{"line":4,"column":31},"end":{"line":4,"column":43}},"4":{"start":{"line":5,"column":21},"end":{"line":5,"column":41}},"5":{"start":{"line":5,"column":30},"end":{"line":5,"column":41}},"6":{"start":{"line":6,"column":21},"end":{"line":6,"column":41}},"7":{"start":{"line":6,"column":30},"end":{"line":6,"column":41}},"8":{"start":{"line":7,"column":28},"end":{"line":7,"column":122}},"9":{"start":{"line":7,"column":37},"end":{"line":7,"column":122}},"10":{"start":{"line":7,"column":75},"end":{"line":7,"column":121}}},"fnMap":{"0":{"name":"(anonymous_0)","decl":{"start":{"line":3,"column":27},"end":{"line":3,"column":28}},"loc":{"start":{"line":3,"column":36},"end":{"line":3,"column":53}},"line":3},"1":{"name":"(anonymous_1)","decl":{"start":{"line":4,"column":22},"end":{"line":4,"column":23}},"loc":{"start":{"line":4,"column":31},"end":{"line":4,"column":43}},"line":4},"2":{"name":"(anonymous_2)","decl":{"start":{"line":5,"column":21},"end":{"line":5,"column":22}},"loc":{"start":{"line":5,"column":30},"end":{"line":5,"column":41}},"line":5},"3":{"name":"(anonymous_3)","decl":{"start":{"line":6,"column":21},"end":{"line":6,"column":22}},"loc":{"start":{"line":6,"column":30},"end":{"line":6,"column":41}},"line":6},"4":{"name":"(anonymous_4)","decl":{"start":{"line":7,"column":28},"end":{"line":7,"column":29}},"loc":{"start":{"line":7,"column":37},"end":{"line":7,"column":122}},"line":7},"5":{"name":"(anonymous_5)","decl":{"start":{"line":7,"column":61},"end":{"line":7,"column":62}},"loc":{"start":{"line":7,"column":75},"end":{"line":7,"column":121}},"line":7}},"branchMap":{},"s":{"0":0,"1":0,"2":0,"3":0,"4":0,"5":0,"6":0,"7":0,"8":0,"9":0,"10":0},"f":{"0":0,"1":0,"2":0,"3":0,"4":0,"5":0},"b":{}}
,"/home/florian/Documents/softozor/shopozor-manager-frontend/src/store/modules/users/index.js": {"path":"/home/florian/Documents/softozor/shopozor-manager-frontend/src/store/modules/users/index.js","statementMap":{},"fnMap":{},"branchMap":{},"s":{},"f":{},"b":{}}
,"/home/florian/Documents/softozor/shopozor-manager-frontend/src/store/modules/users/mutations.js": {"path":"/home/florian/Documents/softozor/shopozor-manager-frontend/src/store/modules/users/mutations.js","statementMap":{"0":{"start":{"line":4,"column":2},"end":{"line":4,"column":29}},"1":{"start":{"line":5,"column":2},"end":{"line":5,"column":31}},"2":{"start":{"line":6,"column":2},"end":{"line":6,"column":29}},"3":{"start":{"line":7,"column":2},"end":{"line":7,"column":41}},"4":{"start":{"line":11,"column":2},"end":{"line":11,"column":19}},"5":{"start":{"line":12,"column":2},"end":{"line":12,"column":18}},"6":{"start":{"line":13,"column":2},"end":{"line":13,"column":18}},"7":{"start":{"line":14,"column":2},"end":{"line":14,"column":55}},"8":{"start":{"line":18,"column":2},"end":{"line":18,"column":65}}},"fnMap":{"0":{"name":"storePermissions","decl":{"start":{"line":3,"column":16},"end":{"line":3,"column":32}},"loc":{"start":{"line":3,"column":50},"end":{"line":8,"column":1}},"line":3},"1":{"name":"logout","decl":{"start":{"line":10,"column":16},"end":{"line":10,"column":22}},"loc":{"start":{"line":10,"column":31},"end":{"line":15,"column":1}},"line":10},"2":{"name":"error","decl":{"start":{"line":17,"column":16},"end":{"line":17,"column":21}},"loc":{"start":{"line":17,"column":37},"end":{"line":19,"column":1}},"line":17}},"branchMap":{},"s":{"0":0,"1":0,"2":0,"3":0,"4":0,"5":0,"6":0,"7":0,"8":0},"f":{"0":0,"1":0,"2":0},"b":{}}
,"/home/florian/Documents/softozor/shopozor-manager-frontend/src/store/modules/users/state.js": {"path":"/home/florian/Documents/softozor/shopozor-manager-frontend/src/store/modules/users/state.js","statementMap":{},"fnMap":{},"branchMap":{},"s":{},"f":{},"b":{}}
}
