TN:
SF:/home/florian/Documents/softozor/shopozor-manager-frontend/src/App.vue
FN:15,created
FNF:1
FNH:0
FNDA:0,created
DA:8,0
LF:1
LH:0
BRF:0
BRH:0
end_of_record
TN:
SF:/home/florian/Documents/softozor/shopozor-manager-frontend/src/assets/images/ShowImageMixin.js
FN:6,(anonymous_0)
FNF:1
FNH:0
FNDA:0,(anonymous_0)
DA:7,0
DA:8,0
DA:9,0
LF:3
LH:0
BRDA:7,0,0,0
BRDA:7,0,1,0
BRDA:8,1,0,0
BRDA:8,1,1,0
BRF:4
BRH:0
end_of_record
TN:
SF:/home/florian/Documents/softozor/shopozor-manager-frontend/src/assets/images/index.js
FNF:0
FNH:0
DA:1,0
DA:2,0
LF:2
LH:0
BRF:0
BRH:0
end_of_record
TN:
SF:/home/florian/Documents/softozor/shopozor-manager-frontend/src/boot/apollo.js
FN:20,(anonymous_0)
FN:22,(anonymous_1)
FN:34,(anonymous_2)
FNF:3
FNH:0
FNDA:0,(anonymous_0)
FNDA:0,(anonymous_1)
FNDA:0,(anonymous_2)
DA:7,0
DA:12,0
DA:18,0
DA:21,0
DA:22,0
DA:23,0
DA:28,0
DA:29,0
DA:35,0
DA:37,0
LF:10
LH:0
BRDA:21,0,0,0
BRDA:21,0,1,0
BRDA:28,1,0,0
BRDA:28,1,1,0
BRF:4
BRH:0
end_of_record
TN:
SF:/home/florian/Documents/softozor/shopozor-manager-frontend/src/boot/vue-i18n.js
FN:7,(anonymous_0)
FNF:1
FNH:0
FNDA:0,(anonymous_0)
DA:9,0
DA:15,0
LF:2
LH:0
BRF:0
BRH:0
end_of_record
TN:
SF:/home/florian/Documents/softozor/shopozor-manager-frontend/src/boot/vuelidate.js
FN:5,(anonymous_0)
FNF:1
FNH:0
FNDA:0,(anonymous_0)
DA:6,0
LF:1
LH:0
BRF:0
BRH:0
end_of_record
TN:
SF:/home/florian/Documents/softozor/shopozor-manager-frontend/src/components/Price/PriceInput.vue
FN:42,data
FN:64,_default
FN:70,_default
FN:76,_default
FN:82,_default
FN:88,_default
FN:94,computedCustomerPrice
FN:95,computedProducerPrice
FN:96,computedShopPrice
FN:99,tempCustomerPriceChanged
FN:105,tempProducerPriceChanged
FN:111,tempShopPriceChanged
FN:117,updateCustomerPrice
FN:124,mounted
FNF:14
FNH:0
FNDA:0,data
FNDA:0,_default
FNDA:0,_default
FNDA:0,_default
FNDA:0,_default
FNDA:0,_default
FNDA:0,computedCustomerPrice
FNDA:0,computedProducerPrice
FNDA:0,computedShopPrice
FNDA:0,tempCustomerPriceChanged
FNDA:0,tempProducerPriceChanged
FNDA:0,tempShopPriceChanged
FNDA:0,updateCustomerPrice
FNDA:0,mounted
DA:43,0
DA:65,0
DA:71,0
DA:77,0
DA:83,0
DA:89,0
DA:94,0
DA:95,0
DA:96,0
DA:100,0
DA:101,0
DA:102,0
DA:103,0
DA:106,0
DA:107,0
DA:108,0
DA:109,0
DA:112,0
DA:113,0
DA:114,0
DA:115,0
DA:118,0
DA:119,0
DA:120,0
DA:121,0
DA:125,0
DA:126,0
DA:127,0
LF:28
LH:0
BRF:0
BRH:0
end_of_record
TN:
SF:/home/florian/Documents/softozor/shopozor-manager-frontend/src/components/Products/ProductDeleteManager.vue
FN:16,data
FN:29,ordersSummary
FN:33,state
FN:36,dialogs
FN:58,deleteProduct
FN:64,(anonymous_6)
FN:71,(anonymous_7)
FN:74,(anonymous_8)
FN:81,(anonymous_9)
FNF:9
FNH:0
FNDA:0,data
FNDA:0,ordersSummary
FNDA:0,state
FNDA:0,dialogs
FNDA:0,deleteProduct
FNDA:0,(anonymous_6)
FNDA:0,(anonymous_7)
FNDA:0,(anonymous_8)
FNDA:0,(anonymous_9)
DA:11,0
DA:12,0
DA:17,0
DA:30,0
DA:34,0
DA:37,0
DA:59,0
DA:60,0
DA:64,0
DA:67,0
DA:74,0
DA:77,0
LF:12
LH:0
BRDA:60,0,0,0
BRDA:60,0,1,0
BRDA:60,1,0,0
BRDA:60,1,1,0
BRF:4
BRH:0
end_of_record
TN:
SF:/home/florian/Documents/softozor/shopozor-manager-frontend/src/components/Products/ProductVisibilityManager.vue
FN:20,data
FN:33,_default
FN:39,state
FN:42,ordersSummary
FN:46,visibilityLabel
FN:52,confirmHideWithOrders
FN:66,toggleVisibility
FN:73,(anonymous_8)
FN:80,(anonymous_9)
FNF:9
FNH:0
FNDA:0,data
FNDA:0,_default
FNDA:0,state
FNDA:0,ordersSummary
FNDA:0,visibilityLabel
FNDA:0,confirmHideWithOrders
FNDA:0,toggleVisibility
FNDA:0,(anonymous_8)
FNDA:0,(anonymous_9)
DA:15,0
DA:16,0
DA:21,0
DA:34,0
DA:40,0
DA:43,0
DA:47,0
DA:48,0
DA:49,0
DA:53,0
DA:67,0
DA:68,0
DA:73,0
DA:76,0
DA:82,0
DA:85,0
LF:16
LH:0
BRDA:47,0,0,0
BRDA:47,0,1,0
BRDA:47,1,0,0
BRDA:47,1,1,0
BRDA:49,2,0,0
BRDA:49,2,1,0
BRDA:68,3,0,0
BRDA:68,3,1,0
BRDA:68,4,0,0
BRDA:68,4,1,0
BRDA:68,4,2,0
BRF:11
BRH:0
end_of_record
TN:
SF:/home/florian/Documents/softozor/shopozor-manager-frontend/src/components/Products/Edit/ProductDefaultPricePerUnitSelector.vue
FN:34,defaultCustomerPrice
FN:42,defaultUnit
FN:49,setDefaultCustomerPrice
FN:52,setDefaultUnit
FNF:4
FNH:0
FNDA:0,defaultCustomerPrice
FNDA:0,defaultUnit
FNDA:0,setDefaultCustomerPrice
FNDA:0,setDefaultUnit
DA:25,0
DA:26,0
DA:27,0
DA:28,0
DA:39,0
DA:40,0
DA:43,0
DA:44,0
DA:50,0
DA:53,0
LF:10
LH:0
BRDA:39,0,0,0
BRDA:39,0,1,0
BRDA:43,1,0,0
BRDA:43,1,1,0
BRF:4
BRH:0
end_of_record
TN:
SF:/home/florian/Documents/softozor/shopozor-manager-frontend/src/components/Products/Edit/ProductEditFormats.vue
FN:34,formatsIds
FNF:1
FNH:0
FNDA:0,formatsIds
DA:25,0
DA:26,0
DA:27,0
DA:28,0
DA:35,0
LF:5
LH:0
BRF:0
BRH:0
end_of_record
TN:
SF:/home/florian/Documents/softozor/shopozor-manager-frontend/src/components/Products/Edit/ProductEditName.vue
FN:35,productId
FN:38,productTitle
FN:41,productDescription
FNF:3
FNH:0
FNDA:0,productId
FNDA:0,productTitle
FNDA:0,productDescription
DA:29,0
DA:36,0
DA:39,0
DA:42,0
LF:4
LH:0
BRF:0
BRH:0
end_of_record
TN:
SF:/home/florian/Documents/softozor/shopozor-manager-frontend/src/components/Products/Edit/ProductEditPicture.vue
FN:20,image
FNF:1
FNH:0
FNDA:0,image
DA:13,0
DA:14,0
DA:21,0
LF:3
LH:0
BRF:0
BRH:0
end_of_record
TN:
SF:/home/florian/Documents/softozor/shopozor-manager-frontend/src/components/Products/Edit/ProductEditType.vue
FN:45,conservationMethod
FN:48,conservationDays
FN:52,categories
FN:55,categoriesOptions
FN:56,(anonymous_5)
FN:63,conservationOptions
FN:64,(anonymous_7)
FNF:7
FNH:0
FNDA:0,conservationMethod
FNDA:0,conservationDays
FNDA:0,categories
FNDA:0,categoriesOptions
FNDA:0,(anonymous_5)
FNDA:0,conservationOptions
FNDA:0,(anonymous_7)
DA:37,0
DA:39,0
DA:46,0
DA:49,0
DA:50,0
DA:53,0
DA:55,0
DA:56,0
DA:57,0
DA:63,0
DA:64,0
DA:65,0
LF:12
LH:0
BRF:0
BRH:0
end_of_record
TN:
SF:/home/florian/Documents/softozor/shopozor-manager-frontend/src/components/Products/Edit/ProductToggleNonTrivialChanges.vue
FN:17,allowNonTrivialChanges
FN:21,toggleNonTrivialChanges
FNF:2
FNH:0
FNDA:0,allowNonTrivialChanges
FNDA:0,toggleNonTrivialChanges
DA:11,0
DA:17,0
DA:22,0
LF:3
LH:0
BRF:0
BRH:0
end_of_record
TN:
SF:/home/florian/Documents/softozor/shopozor-manager-frontend/src/components/Products/Edit/ProductsEditView.vue
FN:45,back
FN:49,save
FN:54,(anonymous_3)
FN:60,cancel
FNF:4
FNH:0
FNDA:0,back
FNDA:0,save
FNDA:0,(anonymous_3)
FNDA:0,cancel
DA:18,0
DA:19,0
DA:20,0
DA:21,0
DA:22,0
DA:23,0
DA:46,0
DA:47,0
DA:49,0
DA:50,0
DA:54,0
DA:58,0
DA:60,0
LF:13
LH:0
BRF:0
BRH:0
end_of_record
TN:
SF:/home/florian/Documents/softozor/shopozor-manager-frontend/src/components/Products/Edit/Formats/FormatAmount.vue
FN:53,amount
FN:56,disableRemove
FN:63,add
FN:66,remove
FN:69,updateAmount
FNF:5
FNH:0
FNDA:0,amount
FNDA:0,disableRemove
FNDA:0,add
FNDA:0,remove
FNDA:0,updateAmount
DA:39,0
DA:40,0
DA:54,0
DA:57,0
DA:58,0
DA:64,0
DA:67,0
DA:70,0
DA:71,0
DA:72,0
DA:73,0
DA:85,0
LF:12
LH:0
BRDA:58,0,0,0
BRDA:58,0,1,0
BRDA:58,0,2,0
BRDA:70,1,0,0
BRDA:70,1,1,0
BRDA:70,2,0,0
BRDA:70,2,1,0
BRDA:70,2,2,0
BRDA:72,3,0,0
BRDA:72,3,1,0
BRF:10
BRH:0
end_of_record
TN:
SF:/home/florian/Documents/softozor/shopozor-manager-frontend/src/components/Products/Edit/Formats/FormatCriticalValuesMixin.js
FN:13,(anonymous_0)
FN:16,(anonymous_1)
FN:20,(anonymous_2)
FN:24,(anonymous_3)
FN:27,(anonymous_4)
FNF:5
FNH:0
FNDA:0,(anonymous_0)
FNDA:0,(anonymous_1)
FNDA:0,(anonymous_2)
FNDA:0,(anonymous_3)
FNDA:0,(anonymous_4)
DA:14,0
DA:17,0
DA:18,0
DA:21,0
DA:22,0
DA:25,0
DA:28,0
LF:7
LH:0
BRDA:28,0,0,0
BRDA:28,0,1,0
BRDA:28,0,2,0
BRF:3
BRH:0
end_of_record
TN:
SF:/home/florian/Documents/softozor/shopozor-manager-frontend/src/components/Products/Edit/Formats/FormatStateManager.vue
FN:27,del
FNF:1
FNH:0
FNDA:0,del
DA:12,0
DA:13,0
DA:14,0
DA:28,0
LF:4
LH:0
BRF:0
BRH:0
end_of_record
TN:
SF:/home/florian/Documents/softozor/shopozor-manager-frontend/src/components/Products/Edit/Formats/NewFormat.vue
FN:14,createFormat
FNF:1
FNH:0
FNDA:0,createFormat
DA:8,0
DA:15,0
LF:2
LH:0
BRF:0
BRH:0
end_of_record
TN:
SF:/home/florian/Documents/softozor/shopozor-manager-frontend/src/components/Products/Edit/Formats/ProductEditFormat.vue
FN:24,data
FN:37,show
FNF:2
FNH:0
FNDA:0,data
FNDA:0,show
DA:13,0
DA:14,0
DA:15,0
DA:16,0
DA:17,0
DA:18,0
DA:19,0
DA:25,0
DA:38,0
DA:39,0
LF:10
LH:0
BRDA:39,0,0,0
BRDA:39,0,1,0
BRF:2
BRH:0
end_of_record
TN:
SF:/home/florian/Documents/softozor/shopozor-manager-frontend/src/components/Products/Edit/Formats/FormatDescription/FormatDescription.vue
FN:27,data
FN:40,formatUI
FN:43,description
FN:46,size
FN:49,sizeUnit
FN:52,customerPrice
FN:55,customerPriceUnit
FN:61,update
FN:67,updateDescription
FN:70,updateSize
FN:73,updateSizeUnit
FN:76,updateCustomerPrice
FN:79,updateCustomerPriceUnit
FNF:13
FNH:0
FNDA:0,data
FNDA:0,formatUI
FNDA:0,description
FNDA:0,size
FNDA:0,sizeUnit
FNDA:0,customerPrice
FNDA:0,customerPriceUnit
FNDA:0,update
FNDA:0,updateDescription
FNDA:0,updateSize
FNDA:0,updateSizeUnit
FNDA:0,updateCustomerPrice
FNDA:0,updateCustomerPriceUnit
DA:17,0
DA:18,0
DA:19,0
DA:20,0
DA:21,0
DA:22,0
DA:23,0
DA:28,0
DA:41,0
DA:44,0
DA:47,0
DA:50,0
DA:53,0
DA:56,0
DA:62,0
DA:68,0
DA:71,0
DA:74,0
DA:77,0
DA:80,0
LF:20
LH:0
BRF:0
BRH:0
end_of_record
TN:
SF:/home/florian/Documents/softozor/shopozor-manager-frontend/src/components/Products/Edit/Formats/FormatDescription/FormatDescriptionAuto.vue
FN:37,data
FN:50,size
FN:51,sizeUnit
FN:52,defaultCustomerPrice
FN:53,defaultUnit
FN:54,physicalSize
FN:58,update
FN:61,updateSizeUnit
FN:65,updateSize
FN:69,updateCustomerPrice
FN:79,defaultUnit
FN:80,defaultCustomerPrice
FN:83,mounted
FNF:13
FNH:0
FNDA:0,data
FNDA:0,size
FNDA:0,sizeUnit
FNDA:0,defaultCustomerPrice
FNDA:0,defaultUnit
FNDA:0,physicalSize
FNDA:0,update
FNDA:0,updateSizeUnit
FNDA:0,updateSize
FNDA:0,updateCustomerPrice
FNDA:0,defaultUnit
FNDA:0,defaultCustomerPrice
FNDA:0,mounted
DA:28,0
DA:29,0
DA:30,0
DA:31,0
DA:32,0
DA:38,0
DA:50,0
DA:51,0
DA:52,0
DA:53,0
DA:54,0
DA:59,0
DA:62,0
DA:63,0
DA:66,0
DA:67,0
DA:70,0
DA:75,0
DA:79,0
DA:80,0
DA:84,0
DA:85,0
DA:86,0
DA:87,0
DA:89,0
DA:90,0
LF:26
LH:0
BRDA:84,0,0,0
BRDA:84,0,1,0
BRDA:84,1,0,0
BRDA:84,1,1,0
BRDA:86,2,0,0
BRDA:86,2,1,0
BRF:6
BRH:0
end_of_record
TN:
SF:/home/florian/Documents/softozor/shopozor-manager-frontend/src/components/Products/Edit/Formats/FormatDescription/FormatDescriptionBulk.vue
FN:29,sizeUnit
FN:38,update
FN:41,updateSizeUnit
FNF:3
FNH:0
FNDA:0,sizeUnit
FNDA:0,update
FNDA:0,updateSizeUnit
DA:14,0
DA:15,0
DA:16,0
DA:30,0
DA:31,0
DA:39,0
DA:41,0
LF:7
LH:0
BRDA:31,0,0,0
BRDA:31,0,1,0
BRF:2
BRH:0
end_of_record
TN:
SF:/home/florian/Documents/softozor/shopozor-manager-frontend/src/components/Products/Edit/Formats/FormatDescription/FormatDescriptionFree.vue
FN:26,description
FN:27,customerPrice
FN:31,update
FN:34,updateDescription
FN:35,updateCustomerPrice
FNF:5
FNH:0
FNDA:0,description
FNDA:0,customerPrice
FNDA:0,update
FNDA:0,updateDescription
FNDA:0,updateCustomerPrice
DA:12,0
DA:13,0
DA:26,0
DA:27,0
DA:32,0
DA:34,0
DA:35,0
LF:7
LH:0
BRF:0
BRH:0
end_of_record
TN:
SF:/home/florian/Documents/softozor/shopozor-manager-frontend/src/components/Products/Edit/Formats/FormatDescription/FormatDescriptionSizeUnit.vue
FN:30,size
FN:31,sizeUnit
FN:36,update
FN:39,updateSize
FN:40,updateSizeUnit
FNF:5
FNH:0
FNDA:0,size
FNDA:0,sizeUnit
FNDA:0,update
FNDA:0,updateSize
FNDA:0,updateSizeUnit
DA:15,0
DA:16,0
DA:17,0
DA:30,0
DA:31,0
DA:37,0
DA:39,0
DA:40,0
LF:8
LH:0
BRF:0
BRH:0
end_of_record
TN:
SF:/home/florian/Documents/softozor/shopozor-manager-frontend/src/components/Products/Edit/Formats/FormatDescription/FormatUISelect.vue
FN:31,UI
FN:34,options
FN:36,(anonymous_3)
FN:43,updateFormatUI
FNF:4
FNH:0
FNDA:0,UI
FNDA:0,options
FNDA:0,(anonymous_3)
FNDA:0,updateFormatUI
DA:16,0
DA:17,0
DA:18,0
DA:32,0
DA:35,0
DA:36,0
DA:37,0
DA:44,0
LF:8
LH:0
BRF:0
BRH:0
end_of_record
TN:
SF:/home/florian/Documents/softozor/shopozor-manager-frontend/src/components/Products/Edit/Formats/FormatPrice/FormatPrice.vue
FN:32,autoPrice
FNF:1
FNH:0
FNDA:0,autoPrice
DA:17,0
DA:18,0
DA:19,0
DA:20,0
DA:33,0
DA:34,0
LF:6
LH:0
BRF:0
BRH:0
end_of_record
TN:
SF:/home/florian/Documents/softozor/shopozor-manager-frontend/src/components/Products/Edit/Formats/FormatPrice/FormatPriceAuto.vue
FN:25,_default
FN:31,_default
FN:37,_default
FN:44,customerPrice
FNF:4
FNH:0
FNDA:0,_default
FNDA:0,_default
FNDA:0,_default
FNDA:0,customerPrice
DA:13,0
DA:14,0
DA:26,0
DA:32,0
DA:38,0
DA:44,0
LF:6
LH:0
BRF:0
BRH:0
end_of_record
TN:
SF:/home/florian/Documents/softozor/shopozor-manager-frontend/src/components/Products/Edit/Formats/FormatPrice/FormatPriceFree.vue
FN:27,_default
FN:33,_default
FN:39,_default
FN:46,customerPrice
FN:50,setCustomerPrice
FNF:5
FNH:0
FNDA:0,_default
FNDA:0,_default
FNDA:0,_default
FNDA:0,customerPrice
FNDA:0,setCustomerPrice
DA:13,0
DA:14,0
DA:15,0
DA:28,0
DA:34,0
DA:40,0
DA:46,0
DA:51,0
LF:8
LH:0
BRF:0
BRH:0
end_of_record
TN:
SF:/home/florian/Documents/softozor/shopozor-manager-frontend/src/components/Products/Inventory/ProductInventoryCard.vue
FN:50,product
FN:53,image
FN:56,summary
FN:65,isVisible
FN:68,isDeleted
FN:79,edit
FN:90,created
FNF:7
FNH:0
FNDA:0,product
FNDA:0,image
FNDA:0,summary
FNDA:0,isVisible
FNDA:0,isDeleted
FNDA:0,edit
FNDA:0,created
DA:30,0
DA:31,0
DA:33,0
DA:34,0
DA:51,0
DA:54,0
DA:57,0
DA:60,0
DA:66,0
DA:69,0
DA:80,0
DA:81,0
DA:82,0
DA:91,0
LF:14
LH:0
BRF:0
BRH:0
end_of_record
TN:
SF:/home/florian/Documents/softozor/shopozor-manager-frontend/src/components/Products/Inventory/ProductsInventoryView.vue
FN:41,newProduct
FN:45,jumpToTrash
FNF:2
FNH:0
FNDA:0,newProduct
FNDA:0,jumpToTrash
DA:24,0
DA:25,0
DA:42,0
DA:43,0
DA:46,0
LF:5
LH:0
BRF:0
BRH:0
end_of_record
TN:
SF:/home/florian/Documents/softozor/shopozor-manager-frontend/src/components/Products/Trash/ProductTrashCard.vue
FN:29,product
FN:32,image
FN:35,isDeleted
FN:41,restore
FNF:4
FNH:0
FNDA:0,product
FNDA:0,image
FNDA:0,isDeleted
FNDA:0,restore
DA:15,0
DA:16,0
DA:17,0
DA:30,0
DA:33,0
DA:36,0
DA:42,0
LF:7
LH:0
BRF:0
BRH:0
end_of_record
TN:
SF:/home/florian/Documents/softozor/shopozor-manager-frontend/src/components/Products/Trash/ProductsTrashView.vue
FN:36,jumpToInventory
FN:41,created
FNF:2
FNH:0
FNDA:0,jumpToInventory
FNDA:0,created
DA:21,0
DA:22,0
DA:37,0
DA:42,0
LF:4
LH:0
BRF:0
BRH:0
end_of_record
TN:
SF:/home/florian/Documents/softozor/shopozor-manager-frontend/src/components/Units/UnitField.vue
FN:40,_default
FN:46,_default
FN:60,_default
FN:66,_default
FN:72,_default
FN:78,updateUnitAndValue
FNF:6
FNH:0
FNDA:0,_default
FNDA:0,_default
FNDA:0,_default
FNDA:0,_default
FNDA:0,_default
FNDA:0,updateUnitAndValue
DA:24,0
DA:25,0
DA:41,0
DA:47,0
DA:61,0
DA:67,0
DA:73,0
DA:79,0
DA:80,0
DA:81,0
DA:82,0
DA:83,0
LF:12
LH:0
BRDA:81,0,0,0
BRDA:81,0,1,0
BRDA:81,1,0,0
BRDA:81,1,1,0
BRF:4
BRH:0
end_of_record
TN:
SF:/home/florian/Documents/softozor/shopozor-manager-frontend/src/components/Units/UnitSelect.vue
FN:30,_default
FN:36,_default
FN:42,_default
FN:48,_default
FN:54,_default
FN:60,options
FNF:6
FNH:0
FNDA:0,_default
FNDA:0,_default
FNDA:0,_default
FNDA:0,_default
FNDA:0,_default
FNDA:0,options
DA:15,0
DA:31,0
DA:37,0
DA:43,0
DA:49,0
DA:55,0
DA:61,0
LF:7
LH:0
BRF:0
BRH:0
end_of_record
TN:
SF:/home/florian/Documents/softozor/shopozor-manager-frontend/src/components/Units/UnitsHelpers.js
FN:3,(anonymous_0)
FN:11,(anonymous_1)
FN:15,(anonymous_2)
FN:24,(anonymous_3)
FN:27,(anonymous_4)
FN:33,(anonymous_5)
FN:37,(anonymous_6)
FN:51,(anonymous_7)
FN:55,(anonymous_8)
FN:61,(anonymous_9)
FN:63,(anonymous_10)
FN:64,(anonymous_11)
FN:84,(anonymous_12)
FN:86,(anonymous_13)
FN:90,(anonymous_14)
FN:99,(anonymous_15)
FN:101,(anonymous_16)
FN:106,(anonymous_17)
FN:107,(anonymous_18)
FN:108,(anonymous_19)
FN:117,(anonymous_20)
FNF:21
FNH:0
FNDA:0,(anonymous_0)
FNDA:0,(anonymous_1)
FNDA:0,(anonymous_2)
FNDA:0,(anonymous_3)
FNDA:0,(anonymous_4)
FNDA:0,(anonymous_5)
FNDA:0,(anonymous_6)
FNDA:0,(anonymous_7)
FNDA:0,(anonymous_8)
FNDA:0,(anonymous_9)
FNDA:0,(anonymous_10)
FNDA:0,(anonymous_11)
FNDA:0,(anonymous_12)
FNDA:0,(anonymous_13)
FNDA:0,(anonymous_14)
FNDA:0,(anonymous_15)
FNDA:0,(anonymous_16)
FNDA:0,(anonymous_17)
FNDA:0,(anonymous_18)
FNDA:0,(anonymous_19)
FNDA:0,(anonymous_20)
DA:3,0
DA:4,0
DA:5,0
DA:7,0
DA:11,0
DA:12,0
DA:15,0
DA:16,0
DA:17,0
DA:18,0
DA:19,0
DA:20,0
DA:24,0
DA:25,0
DA:28,0
DA:33,0
DA:34,0
DA:38,0
DA:39,0
DA:40,0
DA:41,0
DA:43,0
DA:44,0
DA:45,0
DA:51,0
DA:52,0
DA:56,0
DA:61,0
DA:62,0
DA:63,0
DA:64,0
DA:65,0
DA:66,0
DA:67,0
DA:71,0
DA:81,0
DA:84,0
DA:86,0
DA:87,0
DA:90,0
DA:91,0
DA:92,0
DA:93,0
DA:94,0
DA:95,0
DA:99,0
DA:100,0
DA:101,0
DA:102,0
DA:106,0
DA:107,0
DA:108,0
DA:109,0
DA:110,0
DA:115,0
DA:117,0
DA:118,0
LF:57
LH:0
BRDA:4,0,0,0
BRDA:4,0,1,0
BRDA:16,1,0,0
BRDA:16,1,1,0
BRDA:16,1,2,0
BRDA:16,1,3,0
BRDA:38,2,0,0
BRDA:38,2,1,0
BRDA:56,3,0,0
BRDA:56,3,1,0
BRDA:66,4,0,0
BRDA:66,4,1,0
BRDA:66,5,0,0
BRDA:66,5,1,0
BRDA:91,6,0,0
BRDA:91,6,1,0
BRDA:91,6,2,0
BRDA:91,6,3,0
BRDA:102,7,0,0
BRDA:102,7,1,0
BRDA:110,8,0,0
BRDA:110,8,1,0
BRF:22
BRH:0
end_of_record
TN:
SF:/home/florian/Documents/softozor/shopozor-manager-frontend/src/layouts/layout.vue
FN:19,data
FNF:1
FNH:0
FNDA:0,data
DA:13,0
DA:14,0
DA:15,0
DA:20,0
LF:4
LH:0
BRF:0
BRH:0
end_of_record
TN:
SF:/home/florian/Documents/softozor/shopozor-manager-frontend/src/pages/Calendar.vue
FN:22,data
FNF:1
FNH:0
FNDA:0,data
DA:16,0
DA:17,0
DA:18,0
DA:23,0
LF:4
LH:0
BRF:0
BRH:0
end_of_record
TN:
SF:/home/florian/Documents/softozor/shopozor-manager-frontend/src/pages/ConfirmationEmailSent.vue
FN:14,home
FNF:1
FNH:0
FNDA:0,home
DA:14,0
LF:1
LH:0
BRF:0
BRH:0
end_of_record
TN:
SF:/home/florian/Documents/softozor/shopozor-manager-frontend/src/pages/Login.vue
FN:59,data
FN:69,login
FN:71,(anonymous_3)
FN:76,(anonymous_4)
FN:79,handleError
FN:80,(anonymous_6)
FN:81,(anonymous_7)
FN:83,focusPassword
FNF:8
FNH:0
FNDA:0,data
FNDA:0,login
FNDA:0,(anonymous_3)
FNDA:0,(anonymous_4)
FNDA:0,handleError
FNDA:0,(anonymous_6)
FNDA:0,(anonymous_7)
FNDA:0,focusPassword
DA:60,0
DA:70,0
DA:71,0
DA:76,0
DA:77,0
DA:80,0
DA:81,0
DA:84,0
LF:8
LH:0
BRF:0
BRH:0
end_of_record
TN:
SF:/home/florian/Documents/softozor/shopozor-manager-frontend/src/pages/Logout.vue
FN:21,created
FN:29,goHome
FNF:2
FNH:0
FNDA:0,created
FNDA:0,goHome
DA:17,0
DA:22,0
DA:30,0
LF:3
LH:0
BRF:0
BRH:0
end_of_record
TN:
SF:/home/florian/Documents/softozor/shopozor-manager-frontend/src/pages/Map.vue
FN:35,data
FN:51,moveTo
FNF:2
FNH:0
FNDA:0,data
FNDA:0,moveTo
DA:22,0
DA:23,0
DA:24,0
DA:26,0
DA:36,0
DA:52,0
LF:6
LH:0
BRF:0
BRH:0
end_of_record
TN:
SF:/home/florian/Documents/softozor/shopozor-manager-frontend/src/pages/Products.vue
FN:33,data
FN:41,jumpTo
FN:45,created
FNF:3
FNH:0
FNDA:0,data
FNDA:0,jumpTo
FNDA:0,created
DA:26,0
DA:27,0
DA:28,0
DA:29,0
DA:34,0
DA:42,0
DA:46,0
DA:47,0
LF:8
LH:0
BRF:0
BRH:0
end_of_record
TN:
SF:/home/florian/Documents/softozor/shopozor-manager-frontend/src/pages/Signup.vue
FN:76,data
FN:95,emailHelper
FN:99,passwordHelper
FN:103,confirmPasswordHelper
FN:109,focusPassword
FN:112,focusConfirmPassword
FN:115,submit
FNF:7
FNH:0
FNDA:0,data
FNDA:0,emailHelper
FNDA:0,passwordHelper
FNDA:0,confirmPasswordHelper
FNDA:0,focusPassword
FNDA:0,focusConfirmPassword
FNDA:0,submit
DA:72,0
DA:77,0
DA:96,0
DA:100,0
DA:104,0
DA:110,0
DA:113,0
DA:116,0
DA:118,0
DA:119,0
DA:121,0
LF:11
LH:0
BRDA:96,0,0,0
BRDA:96,0,1,0
BRDA:100,1,0,0
BRDA:100,1,1,0
BRDA:104,2,0,0
BRDA:104,2,1,0
BRDA:118,3,0,0
BRDA:118,3,1,0
BRF:8
BRH:0
end_of_record
TN:
SF:/home/florian/Documents/softozor/shopozor-manager-frontend/src/router/index.js
FN:9,(anonymous_0)
FN:26,(anonymous_1)
FN:28,(anonymous_2)
FN:37,(anonymous_3)
FNF:4
FNH:0
FNDA:0,(anonymous_0)
FNDA:0,(anonymous_1)
FNDA:0,(anonymous_2)
FNDA:0,(anonymous_3)
DA:9,0
DA:10,0
DA:11,0
DA:12,0
DA:13,0
DA:14,0
DA:17,0
DA:19,0
DA:27,0
DA:28,0
DA:37,0
DA:38,0
DA:39,0
DA:41,0
DA:42,0
DA:46,0
LF:16
LH:0
BRDA:13,0,0,0
BRDA:13,0,1,0
BRDA:13,1,0,0
BRDA:13,1,1,0
BRDA:39,2,0,0
BRDA:39,2,1,0
BRF:6
BRH:0
end_of_record
TN:
SF:/home/florian/Documents/softozor/shopozor-manager-frontend/src/router/links.js
FNF:0
FNH:0
DA:3,0
DA:18,0
DA:38,0
LF:3
LH:0
BRF:0
BRH:0
end_of_record
TN:
SF:/home/florian/Documents/softozor/shopozor-manager-frontend/src/store/helpers.js
FN:18,(anonymous_0)
FN:20,(anonymous_1)
FN:22,(anonymous_2)
FN:23,(anonymous_3)
FNF:4
FNH:0
FNDA:0,(anonymous_0)
FNDA:0,(anonymous_1)
FNDA:0,(anonymous_2)
FNDA:0,(anonymous_3)
DA:18,0
DA:19,0
DA:20,0
DA:21,0
DA:22,0
DA:23,0
DA:24,0
DA:27,0
DA:28,0
DA:30,0
LF:10
LH:0
BRDA:19,0,0,0
BRDA:19,0,1,0
BRDA:21,1,0,0
BRDA:21,1,1,0
BRDA:27,2,0,0
BRDA:27,2,1,0
BRF:6
BRH:0
end_of_record
TN:
SF:/home/florian/Documents/softozor/shopozor-manager-frontend/src/store/index.js
FNF:0
FNH:0
DA:8,0
DA:15,0
LF:2
LH:0
BRF:0
BRH:0
end_of_record
TN:
SF:/home/florian/Documents/softozor/shopozor-manager-frontend/src/store/modules/orders/actions.js
FN:3,(anonymous_0)
FN:16,(anonymous_1)
FN:28,(anonymous_2)
FNF:3
FNH:0
FNDA:0,(anonymous_0)
FNDA:0,(anonymous_1)
FNDA:0,(anonymous_2)
DA:3,0
DA:16,0
DA:28,0
LF:3
LH:0
BRF:0
BRH:0
end_of_record
TN:
SF:/home/florian/Documents/softozor/shopozor-manager-frontend/src/store/modules/orders/getters.js
FN:1,(anonymous_0)
FN:2,(anonymous_1)
FN:4,(anonymous_2)
FN:4,(anonymous_3)
FN:5,(anonymous_4)
FN:7,(anonymous_5)
FNF:6
FNH:0
FNDA:0,(anonymous_0)
FNDA:0,(anonymous_1)
FNDA:0,(anonymous_2)
FNDA:0,(anonymous_3)
FNDA:0,(anonymous_4)
FNDA:0,(anonymous_5)
DA:1,0
DA:2,0
DA:4,0
DA:5,0
DA:6,0
DA:7,0
DA:8,0
DA:9,0
DA:12,0
LF:9
LH:0
BRDA:6,0,0,0
BRDA:6,0,1,0
BRF:2
BRH:0
end_of_record
TN:
SF:/home/florian/Documents/softozor/shopozor-manager-frontend/src/store/modules/orders/index.js
FNF:0
FNH:0
LF:0
LH:0
BRF:0
BRH:0
end_of_record
TN:
SF:/home/florian/Documents/softozor/shopozor-manager-frontend/src/store/modules/orders/mutations.js
FN:1,(anonymous_0)
FN:2,(anonymous_1)
FNF:2
FNH:0
FNDA:0,(anonymous_0)
FNDA:0,(anonymous_1)
DA:1,0
DA:2,0
LF:2
LH:0
BRF:0
BRH:0
end_of_record
TN:
SF:/home/florian/Documents/softozor/shopozor-manager-frontend/src/store/modules/orders/state.js
FNF:0
FNH:0
LF:0
LH:0
BRF:0
BRH:0
end_of_record
TN:
SF:/home/florian/Documents/softozor/shopozor-manager-frontend/src/store/modules/products/actions.js
FN:3,(anonymous_0)
FN:12,(anonymous_1)
FN:21,(anonymous_2)
FN:31,(anonymous_3)
FN:42,(anonymous_4)
FNF:5
FNH:0
FNDA:0,(anonymous_0)
FNDA:0,(anonymous_1)
FNDA:0,(anonymous_2)
FNDA:0,(anonymous_3)
FNDA:0,(anonymous_4)
DA:3,0
DA:12,0
DA:21,0
DA:31,0
DA:42,0
LF:5
LH:0
BRF:0
BRH:0
end_of_record
TN:
SF:/home/florian/Documents/softozor/shopozor-manager-frontend/src/store/modules/products/getters.js
FN:4,(anonymous_0)
FN:6,(anonymous_1)
FN:8,(anonymous_2)
FN:15,(anonymous_3)
FN:17,(anonymous_4)
FN:23,(anonymous_5)
FN:24,(anonymous_6)
FN:29,(anonymous_7)
FN:30,(anonymous_8)
FN:35,(anonymous_9)
FN:36,(anonymous_10)
FN:37,(anonymous_11)
FN:38,(anonymous_12)
FN:39,(anonymous_13)
FN:40,(anonymous_14)
FN:41,(anonymous_15)
FN:42,(anonymous_16)
FNF:17
FNH:0
FNDA:0,(anonymous_0)
FNDA:0,(anonymous_1)
FNDA:0,(anonymous_2)
FNDA:0,(anonymous_3)
FNDA:0,(anonymous_4)
FNDA:0,(anonymous_5)
FNDA:0,(anonymous_6)
FNDA:0,(anonymous_7)
FNDA:0,(anonymous_8)
FNDA:0,(anonymous_9)
FNDA:0,(anonymous_10)
FNDA:0,(anonymous_11)
FNDA:0,(anonymous_12)
FNDA:0,(anonymous_13)
FNDA:0,(anonymous_14)
FNDA:0,(anonymous_15)
FNDA:0,(anonymous_16)
DA:4,0
DA:6,0
DA:7,0
DA:8,0
DA:9,0
DA:10,0
DA:11,0
DA:15,0
DA:16,0
DA:17,0
DA:18,0
DA:19,0
DA:20,0
DA:23,0
DA:24,0
DA:25,0
DA:29,0
DA:30,0
DA:31,0
DA:32,0
DA:33,0
DA:35,0
DA:36,0
DA:37,0
DA:38,0
DA:39,0
DA:40,0
DA:41,0
DA:42,0
LF:29
LH:0
BRDA:10,0,0,0
BRDA:10,0,1,0
BRDA:19,1,0,0
BRDA:19,1,1,0
BRDA:32,2,0,0
BRDA:32,2,1,0
BRF:6
BRH:0
end_of_record
TN:
SF:/home/florian/Documents/softozor/shopozor-manager-frontend/src/store/modules/products/index.js
FNF:0
FNH:0
LF:0
LH:0
BRF:0
BRH:0
end_of_record
TN:
SF:/home/florian/Documents/softozor/shopozor-manager-frontend/src/store/modules/products/mutations.js
FN:1,(anonymous_0)
FN:2,(anonymous_1)
FN:3,(anonymous_2)
FN:4,(anonymous_3)
FN:5,(anonymous_4)
FNF:5
FNH:0
FNDA:0,(anonymous_0)
FNDA:0,(anonymous_1)
FNDA:0,(anonymous_2)
FNDA:0,(anonymous_3)
FNDA:0,(anonymous_4)
DA:1,0
DA:2,0
DA:3,0
DA:4,0
DA:5,0
DA:6,0
LF:6
LH:0
BRF:0
BRH:0
end_of_record
TN:
SF:/home/florian/Documents/softozor/shopozor-manager-frontend/src/store/modules/products/state.js
FNF:0
FNH:0
LF:0
LH:0
BRF:0
BRH:0
end_of_record
TN:
SF:/home/florian/Documents/softozor/shopozor-manager-frontend/src/store/modules/users/actions.js
FN:8,saveUser
FN:14,saveToken
FN:20,removeToken
FN:26,adaptPermissions
FN:27,(anonymous_4)
FN:28,(anonymous_5)
FN:34,signup
FN:43,login
FN:44,(anonymous_8)
FN:53,(anonymous_9)
FN:72,(anonymous_10)
FN:79,getPermissions
FN:112,logout
FN:113,(anonymous_13)
FN:114,(anonymous_14)
FNF:15
FNH:0
FNDA:0,saveUser
FNDA:0,saveToken
FNDA:0,removeToken
FNDA:0,adaptPermissions
FNDA:0,(anonymous_4)
FNDA:0,(anonymous_5)
FNDA:0,signup
FNDA:0,login
FNDA:0,(anonymous_8)
FNDA:0,(anonymous_9)
FNDA:0,(anonymous_10)
FNDA:0,getPermissions
FNDA:0,logout
FNDA:0,(anonymous_13)
FNDA:0,(anonymous_14)
DA:9,0
DA:10,0
DA:11,0
DA:15,0
DA:16,0
DA:17,0
DA:21,0
DA:22,0
DA:23,0
DA:27,0
DA:28,0
DA:29,0
DA:31,0
DA:44,0
DA:45,0
DA:54,0
DA:55,0
DA:56,0
DA:57,0
DA:58,0
DA:60,0
DA:61,0
DA:62,0
DA:68,0
DA:69,0
DA:73,0
DA:74,0
DA:96,0
DA:97,0
DA:98,0
DA:99,0
DA:100,0
DA:107,0
DA:108,0
DA:113,0
DA:114,0
DA:115,0
DA:116,0
DA:117,0
LF:39
LH:0
BRDA:28,0,0,0
BRDA:28,0,1,0
BRDA:56,1,0,0
BRDA:56,1,1,0
BRDA:68,2,0,0
BRDA:68,2,1,0
BRDA:99,3,0,0
BRDA:99,3,1,0
BRDA:99,4,0,0
BRDA:99,4,1,0
BRDA:99,4,2,0
BRF:11
BRH:0
end_of_record
TN:
SF:/home/florian/Documents/softozor/shopozor-manager-frontend/src/store/modules/users/getters.js
FN:3,(anonymous_0)
FN:4,(anonymous_1)
FN:5,(anonymous_2)
FN:6,(anonymous_3)
FN:7,(anonymous_4)
FN:7,(anonymous_5)
FNF:6
FNH:0
FNDA:0,(anonymous_0)
FNDA:0,(anonymous_1)
FNDA:0,(anonymous_2)
FNDA:0,(anonymous_3)
FNDA:0,(anonymous_4)
FNDA:0,(anonymous_5)
DA:3,0
DA:4,0
DA:5,0
DA:6,0
DA:7,0
LF:5
LH:0
BRF:0
BRH:0
end_of_record
TN:
SF:/home/florian/Documents/softozor/shopozor-manager-frontend/src/store/modules/users/index.js
FNF:0
FNH:0
LF:0
LH:0
BRF:0
BRH:0
end_of_record
TN:
SF:/home/florian/Documents/softozor/shopozor-manager-frontend/src/store/modules/users/mutations.js
FN:3,storePermissions
FN:10,logout
FN:17,error
FNF:3
FNH:0
FNDA:0,storePermissions
FNDA:0,logout
FNDA:0,error
DA:4,0
DA:5,0
DA:6,0
DA:7,0
DA:11,0
DA:12,0
DA:13,0
DA:14,0
DA:18,0
LF:9
LH:0
BRF:0
BRH:0
end_of_record
TN:
SF:/home/florian/Documents/softozor/shopozor-manager-frontend/src/store/modules/users/state.js
FNF:0
FNH:0
LF:0
LH:0
BRF:0
BRH:0
end_of_record
